[   0.000000] Initializing cgroup subsys cpuset
[    0.000000] Initializing cgroup subsys cpu
[    0.000000] Initializing cgroup subsys cpuacct
[    0.000000] Linux version 4.4.0-148-generic (buildd@lgw01-amd64-031) (gcc version 5.4.0 20160609 (Ubuntu 5.4.0-6ubuntu1~16.04.10) ) #174-Ubuntu SMP Tue May 7 12:20:14 UTC 2019 (Ubuntu 4.4.0-148.174-generic 4.4.177)
[    0.000000] Command line: BOOT_IMAGE=/boot/vmlinuz-4.4.0-148-generic root=LABEL=cloudimg-rootfs ro console=tty1 console=ttyS0
[    0.000000] KERNEL supported cpus:
[    0.000000]   Intel GenuineIntel
[    0.000000]   AMD AuthenticAMD
[    0.000000]   Centaur CentaurHauls
[    0.000000] x86/fpu: xstate_offset[2]:  576, xstate_sizes[2]:  256
[    0.000000] x86/fpu: Supporting XSAVE feature 0x01: 'x87 floating point registers'
[    0.000000] x86/fpu: Supporting XSAVE feature 0x02: 'SSE registers'
[    0.000000] x86/fpu: Supporting XSAVE feature 0x04: 'AVX registers'
[    0.000000] x86/fpu: Enabled xstate features 0x7, context size is 832 btes, using 'standard' format.

[    0.000000] e820: BIOS-provided physical RAM map:
[    0.000000] BIOS-e820: [mem 0x0000000000000000-0x000000000009fbff] usable
[    0.000000] BIOS-e820: [mem 0x000000000009fc00-0x000000000009ffff] reserved
[    0.000000] BIOS-e820: [mem 0x00000000000f0000-0x00000000000fffff] reserved
[    0.000000] BIOS-e820: [mem 0x0000000000100000-0x000000003ffeffff] usable
[    0.000000] BIOS-e820: [mem 0x000000003fff0000-0x000000003fffffff] ACPI data
[    0.000000] BIOS-e820: [mem 0x00000000fec00000-0x00000000fec00fff] reserved
[    0.000000] BIOS-e820: [mem 0x00000000fee00000-0x00000000fee00fff] reserved
[    0.000000] BIOS-e820: [mem 0x00000000fffc0000-0x00000000ffffffff] served
[    0.000000] NX (Execute Disable) protection: active
[    0.000000] SMBIOS 2.5 present.
[    0.000000] Hypervisor detected: KVM
[    0.000000] e820: last_pfn = 0x3fff0 max_arch_pfn = 0x400000000
[    0.000000] MTRR: Disabled
[    0.000000] x86/PAT: MTRRs disabled, skipping PAT initialization too.
[    0.000000] CPU MTRRs all blank - virtualized system.
[    0.000000] x86/PAT: Configuration [0-7]: WB  WT  UC- UC  WB  WT  UC- UC  
[    0.000000] found SMP MP-table at [mem 0x0009fff0-0x0009ffff] mapped at [ffff88000009fff0]
[    0.000000] Scanning 1 areas for low memory corruption
[    0.000000] RAMDISK: [mem 0x362fa000-0x37174fff]
[    0.000000] ACPI: Early table checksum verification disabled
[    0.000000] ACPI: RSDP 0x00000000000E0000 000024 (v02 VBOX  )
[    0.000000] ACPI: XSDT 0x000000003FFF0030 00003C (v01 VBOX   VBOXXSDT 00000001 ASL  00000061)
[    0.000000] ACPI: FACP 0x000000003FFF00F0 0000F4 (v04 VBOX   VBOXFACP 00000001 ASL  00000061)
[    0.000000] ACPI: DSDT 0x000000003FFF0470 0021FF (v02 VBOX   VBOXBIOS 00000002 INTL 20100528)
[    0.000000] ACPI: FACS 0x000000003FFF0200 000040
[    0.000000] ACPI: FACS 0x000000003FFF0200 000040
[    0.000000] ACPI: APIC 0x000000003FFF0240 000005C (v02 VBOX   VBOXAPIC 00000001 ASL  00000061)
[    0.000000] ACPI: SSDT 0x000000003FFF02A0 0001CC (v01 VBOX   VBOXCPUT 00000002 INTL 20100528)
[    0.000000] No NUMA configuration found
[    0.000000] Faking a node at [mem 0x0000000000000000-0x000000003ffeffff]
[    0.000000] NODE_DATA(0) allocated [mem 0x3ffeb000-0x3ffeffff]
[    0.000000] kvm-clock: Using msrs 4b564d01 and 4b564d00
[    0.000000] kvm-clock: cpu 0, msr 0:3ffe3001, primary cpu clock[    0.000000] kvm-clock: using sched offset of 5986084468 cycles
[    0.000000] clocsource: kvm-lock mask: xffffffffffffffff max_cycles: 0x1cd42e4dffb, max_idle_ns: 881590591483 ns
[    0.000000] Zone ranges:
[    0.000000]   DMA      [mem 0x0000000000001000-0x0000000000ffffff]
[    0.000000]   DMA32    [mem 0x0000000001000000-0x000000003ffeffff]
[    0.000000]   Normal   empty
[    0.000000]   Device   empty
[    0.000000] Movable zone start for each node
[    0.000000] Early memory node ranges
[    0.000000]   node   0: [mem 0x0000000000001000-0x000000000009efff]
[    0.000000]   node   0: [mem 0x0000000000100000-0x000000003ffeffff]
[    0.000000] Initmem setup node 0 [mem 0x0000000000001000-0x000000003ffeffff]
[    0.000000] ACPI: PM-Timer IO Port: 0x4008
[    0.000000] IOAPIC[0]: apic_id 2, version 32, address 0xfec00000, GSI 0-23
[    0.000000] ACPI: INT_SRC_OVR (bus 0 bus_irq 0 global_irq 2 dfl dfl)
[    0.000000] ACPI: INT_SRC_OVR (bus 0 bus_irq 9 global_irq 9 low level)
[    0.000000] Using ACPI (MADT) for SMP configuration information
[    0.000000] smpboot: Allowing 2 CPUs, 0 hotplug CPUs
[    0.000000] PM: Registered nosave memory: [mem 0x00000000-0x00000fff]
[    0.000000] PM: Registered nosave memory: [mem 0x0009f000-0x0009ffff]
[    0.000000] PM: Registered nosave memory: [mem 0x000a0000-0x000effff]
[    0.000000] PM: Registered nosave memory: [mem 0x000f0000-0x000fffff]
[    0.000000] e820: [mem 0x40000000-0xfebfffff] available for PCI devices
[    0.000000] Booting paravirtualized kernel on KVM
[    0.000000] clocksource: refined-jiffies: mask: 0xffffffff max_cycles: 0xffffffff, max_idle_ns: 764551960021156 ns
[    0.000000] setup_percpu: NR_CPUS:512 nr_cpumask_bits:512 nr_cpu_ids:2 nr_node_ids:1
[    0.000000] PERCPU: Embedded 34 pages/cpu @ffff88003fc00000 s99480 r8192 d31592 u1048576
[    0.000000] Built 1 zonelists in Node order, mobility grouping on.  Totalpages: 257912
[    0.000000] Policy zone: DMA32
[    0.000000] Kernel command line: BOOT_IMAGE=/boot/vmlinuz-4.4.0-148-generic root=LABEL=cloudimg-rootfs ro console=tty1 console=ttyS0
[    0.000000] PID hash table entries: 4096 (order: 3, 32768 bytes)
[    0.000000] Memory: 997732K/1048120K available (8609K kernel code, 1334K rwdata, 4028K rodata, 1484K init, 1284K bss, 50388K reserved, 0K cma-reserved)
[    0.00000] SLUB: HWalign=64, Order=0-3, MinObjects=0, CPUs=2, Nodes=1
[    0.000000] Kernel/User page tables isolation: enabled
[    0.000000] Hierarchical RCU implementation.
[    0.000000] 	Build-time adjustment of leaf fanout to 64.
[    0.000000] 	RCU restricting CPUs from NR_CPUS=512 to nr_cpu_ids=2.
[    0.000000] RCU: Adjusting geometry for rcu_fanout_leaf=64, nr_cpu_ids=2
[    0.000000] NR_IRQS:33024 nr_irqs:440 16
[    0.000000] Console: colour VGA+ 80x25
[    0.000000] console [tty1] enabled
[    0.000000] console [ttyS0] enabled
[    0.000000] tsc: Detected 2394.564 MHz processor
[    0.399897] Calibrating delay loop (skipped) preset value..  4789.12 BogoMIPS (lpj=9578256)
[    0.402129] pid_max: default: 32768 minimum: 301
[    0.403282] ACPI: Core revision 20150930
[    0.405323] ACPI: 2 ACPI AML tables successfully acquired and loaded
[    0.406960] Security Framework initialized
[    0.408000] Yama: becoming mindful.
[    0.408930] AppArmor: AppArmor initialized
[    0.410047] Dentry cache hash table entries: 131072 (order: 8, 1048576 bytes)
[    0.412796] Inode-cache hash table entries: 65536 (order: 7, 524288 bytes)
[    0.414446] Mount-cache hash table entries: 2048 (order: 2, 16384 bytes)
[    0.416006] Mountpoint-cache hash table entries: 2048 (order: 2, 16384 bytes)
[    0.417717] Initializing cgroup subsys io
[    0.418737] Initializing cgroup subsys memory
[    0.419865] Initializing cgroup subsys devices
[    0.420958] Initializing cgroup subsys freezer
[    0.422050] Initializing cgroup subsys net_cls
[    0.423201] Initializing cgroup subsys perf_event
[    0.424340] Initializing cgroup subsys net_prio
[    0.425474] Initializing cgroup subsys hugetlb
[    0.426719] Initializing cgroup subsys pids
[    0.428207] mce: CPU supports 0 MCE banks
[    0.429238] Last level iTLB entries: 4KB 512, 2MB 8, 4MB 8
[    0.430493] Last level dTLB entries: 4KB 512, 2MB 32, 4MB 32, 1GB 0
[    0.431901] Spectre V2 : Mitigation: Full generic retpoline
[    0.433180] Spectre V2 : Spectre v2 / SpectreRSB mitigation: Filling RSB on context switch
[    0.435175] Speculative Store Bypass: Vulnerable
[    0.436413] MDS: Vulnerable: Clear CPU buffers attempted, no microcode
[    0.441066] Freeing SMP alternatives memory: 36K
[    0.448602] ftrace: allocating 32293 entries in 127 pages
[    0.516233] smpboot: APIC(0) Converting physical 0 to logical package 0
[    0.525026] smpboot: Max logical packages: 1
[    0.536467] x2apic enabled
[    0.544008] Switched APIC routing to physical x2apic.
[    0.546532] ..TIMER: vector=0x30 apic1=0 pin1=2 apic2=-1 pin2=-1
[    0.655106] smpboot: CPU0: Intel(R) Core(TM) i5-3437U CPU @ 1.90GHz (family: 0x6, model: 0x3a, stepping: 0x9)
[    0.669971] Performance Events: unsupported p6 CPU model 58 no PMU driver, software events only.
[    0.689808] KVM setup paravirtual spinlock
[    0.701065] x86: Booting SMP configuration:
[    0.702262] .... node  #0, CPUs:      #1
[    0.709321] kvm-clock: cpu 1, msr 0:3ffe3041, secondary cpu clock
[    0.711225] mce: CPU supports 0 MCE banks
[    0.714177] x86: Booted up 1 node, 2 CPUs
[    0.716847] smpboot: Total of 2 processors activated (9578.25 BogoMIPS)
[    0.720116] devtmpfs: initialized
[    0.726891] evm: security.selinux
[    0.727814] evm: security.SMACK64
[    0.728710] evm: security.SMACK64EXEC
[    0.729656] evm: security.SMACK64TRANSMUTE
[    0.736109] evm: security.SMACK64MMAP
[    0.737072] evm: security.ima
[    0.737898] evm: security.capability
[    0.739101] clocksource: jiffies: mask: 0xffffffff max_cycles: 0xffffffff, max_idle_ns: 7645041785100000 ns
[    0.741515] futex hash table entries: 512 (order: 3, 32768 bytes)
[    0.743110] pinctrl core: initialized pinctrl subsystem
[    0.744472] RTC time:  7:05:53, date: 06/03/19
[    0.745752] NET: Registered protocol family 16
[    0.759599] cpuidle: using governor ladder
[    0.771602] cpuidle: using governor menu
[    0.772614] PCCT header not found.
[    0.773594] ACPI: bus type PCI registered
[    0.781702] acpiphp: ACPI Hot Plug PCI Controller Driver version: 0.5
[    0.784413] PCI: Using configuration type 1 for base access
[    0.796373] ACPI: Added _OSI(Module Device)
[    0.799847] ACPI: Added _OSI(Processor Device)
[    0.803381] ACPI: Added _OSI(3.0 _SCP Extensions)
[    0.806999] ACPI: Added _OSI(Processor Aggregator Device)
[    0.817859] ACPI: Executed 1 blocks of module-level executable AML code
[    0.831354] ACPI: Interpreter enabled
[    0.832315] ACPI: (supports S0 S5)
[    0.835217] ACPI: Using IOAPIC for interrupt routing
[    0.836601] PCI: Using host bridge windows from ACPI; if necessary, use "pci=nocrs" and report a bug
[    0.843073] ACPI: PCI Root Bridge [PCI0] (domain 0000 [bus 00-ff])
[    0.844484] acpi PNP0A03:00: _OSC: OS supports [ASPM ClockPM Segments MSI]
[    0.846042] acpi PNP0A03:00: _OSC: not requesting OS control; OS requires [ExtendedConfig ASPM ClockPM MSI]
[    0.851815] acpi PNP0A03:00: fail to add MMCONFIG information, can't access extended PCI configuration space under this bridge.
[    0.862939] PCI host bridge to bus 0000:00
[    0.864033] pci_bus 0000:00: root bus resource [io  0x0000-0x0cf7 window]
[    0.865528] pci_bus 0000:00: root bus resource [io  0x0d00-0xffff window]
[    0.867031] pci_bus 0000:00: root bus resource [mem 0x000a0000-0x000bffff window]
[    0.874270] pci_bus 0000:00: root bus resource [mem 0x40000000-0xfdffffff window]
[    0.877703] pci_bus 0000:00: root bus resource [bus 00-ff]
[    0.881282] pci 0000:00:01.1: legacy IDE quirk: reg 0x10: [io  0x01f0-0x01f7]
[    0.882834] pci 0000:00:01.1: legacy IDE quirk: reg 0x14: [io  0x03f6]
[    0.884302] pci 0000:00:01.1: legacy IDE quirk: reg 0x18: [io  0x0170-0x0177]
[    0.890811] pci 0000:00:01.1: legacy IDE quirk: reg 0x1c: [io  0x0376]
[    0.911258] pci 0000:00:07.0: quirk: [io  0x4000-0x403f] claimed by PIIX4 ACPI
[    0.935344] pci 0000:00:07.0: quirk: [io  0x4100-0x410f] claimed by PIIX4 SMB
[    0.946576] ACPI: PCI Interrupt Link [LNKA] (IRQs 5 9 10 *11)
[    0.956268] ACPI: PCI Interrupt Link [LNKB] (IRQs 5 9 *10 11)
[    0.958243] ACPI: PCI Interrupt Link [LNKC] (IRQs 5 *9 10 11)
[    0.960151] ACPI: PCI Interrupt Link [LNKD] (IRQs 5 9 10 *11)
[    0.962113] ACPI: Enabled 2 GPEs in block 00 to 07
[    0.963810] vgaarb: setting as boot device: PCI:0000:00:02.0
[    0.966619] vgaarb: device added: PCI:0000:00:02.0,decodes=io+mem,owns=io+mem,locks=none
[    0.973521] vgaarb: loaded
[    0.974296] vgaarb: bridge control possible 0000:00:02.0
[    0.977289] SCSI subsystem initialized
[    0.987213] ACPI: bus type USB registered
[    0.992695] usbcore: registered new interface driver usbfs
[    0.993978] usbcore: registered new interface driver hub
[    0.995328] usbcore: registered new device driver usb
[    1.006792] PCI: Using ACPI for IRQ routing
[    1.008227] NetLabel: Initializing
[    1.009138] NetLabel:  domain hash size = 128
[    1.010200] NetLabel:  protocols = UNLABELED CIPSOv4
[    1.012361] NetLabel:  unlabeled traffic allowed by default
[    1.013826] amd_nb: Cannot enumerate AMD northbridges
[    1.015130] clocksource: Switched to clocksource kvm-clock
[    1.037337] AppArmor: AppArmor Filesystem Enabled
[    1.040335] pnp: PnP ACPI init
[    1.042161] pnp: PnP ACPI: found 3 devices
[    1.053237] clocksource: acpi_pm: mask: 0xffffff max_cycles: 0xffffff, max_idle_ns: 2085701024 ns
[    1.055377]NET:Registere protool fmily 2

[    1.185184] TCP established hash table entries: 8192 (order: 4, 65536 bytes)
[    1.186766] TCP bind hash table entries: 8192 (order: 5, 131072 bytes)
[    1.188390] TCP: Hash tables configured (established 8192 bind 8192)
[    1.189844] UDPhas tabe enries 512 (order: 2, 16384 bytes)
[    1.319294] UDP-Lite hash table entries: 512 (order: 2, 16384 byte)
[    1.347257] NET: Registered protocol family 1
[    1.348356] pci 0000:00:00.0: Limiting direct PCI/PCI transfers
[    1.34973] pci 0000:00:01.0: Activating ISA DMA hang workarounds
[    1.378812] Unpacking initramfs...

[    1.641784] Freeing initrd memory: 14828K
[    1.642926] RAPL PMU detected, API unit is 2^-32 Joules, 3 fixed counters 10737418240 ms ovfl timer
[    1.645091] hw unit of domain pp0-core 2^-0 Joules
[    1.646249] hw unit of domain package 2^-0 Joules
[    1.647360] hw unit of domain pp1-gpu 2^-0 Joules
[    1.648585] clocksource: tsc: mask: 0xffffffffffffffff max_cycles: 0x2284284d7d9, max_idle_ns: 440795247978 ns
[    1.654223] platform rtc_cmos: registered platform RTC device (no PNP device found)
[    1.656187] Scanning for low memory corruption every 60 seconds
[    1.657955] audit: initializing netlink subsys (disabled)
[    1.659230] audit: type=2000 audit(1559545561.134:1): initialized
[    1.660946] Initialise system trusted keyring
[    1.662273] HugeTLB registered 2 MB page size, pre-allocated 0 pages
[    1.665268] zbud: loaded
[    1.666430] VFS: Disk quotas dquot_6.6.0
[    1.667461] VFS: Dquot-cache hash table entries: 512 (order 0, 4096 bytes)
[    1.683107] squashfs: version 4.0 (2009/01/31) Phillip Lougher
[    1.697079] fuse init (API version 7.23)
[    1.698255] Key type big_key registered
[    1.699269] Allocating IMA MOK and blacklist keyrings.
[    1.702256] Key type asymmetric registered
[    1.720544] Asymmetric key parser 'x509' registered
[    1.726421] Block layer SCSI generic (bsg) driver version 0.4 loaded (major 249)
[    1.731861] io scheduler noop registered
[    1.732858] io scheduler deadline registered (default)
[    1.734106] io scheduler cfq registered
[    1.735269] pci_hotplug: PCI Hot Plug PCI Core version: 0.5
[    1.743289] pciehp: PCI Express Hot Plug Controller Driver version: 0.4
[    1.744908] ACPI: AC Adapter [AC] (on-line)
[    1.746012] input: Power Button as /devices/LNXSYSTM:00/LNXPWRBN:00/input/input0
[    1.747829] ACPI: Power Button [PWRF]
[    1.750594] input: Sleep Button as /devices/LNXSYSTM:00/LNXSLPBN:00/input/input1
[    1.768892] ACPI: Sleep Button [SLPF]
[    1.770858] ACPI: Battery Slot [BAT0] (battery present)
[    1.777621] GHES: HEST is not enabled!
[    1.778745] Serial: 8250/16550 driver, 32 ports, IRQ sharing enabled
[    1.819292] 00:02: ttyS0 at I/O 0x3f8 (irq = 4, base_baud = 115200) is a 16550A
[    1.822473] Linux agpgart interface v0.103
[    1.825433] loop: module loaded
[    1.826972] scsi host0: ata_piix
[    1.828042] scsi host1: ata_piix
[    1.828971] ata1: PATA max UDMA/33 cmd 0x1f0 ctl 0x3f6 bmdma 0xd000 irq 14
[    1.830526] ata2: PATA max UDMA/33 cmd 0x170 ctl 0x376 bmdma 0xd008 irq 15
[    1.833957] libphy: Fixed MDIO Bus: probed
[    1.841597] tun: Universal TUN/TAP device driver, 1.6
[    1.842789] tun: (C) 1999-2004 Max Krasnyansky <maxk@qualcomm.com>
[    1.869464] PPP generic driver version 2.4.2
[    1.890838] ehci_hcd: USB 2.0 'Enhanced' Host Controller (EHCI) Driver
[    1.910780] ehci-pci: EHCI PCI platform driver
[    1.911930] ehci-platform: EHCI generic platform driver
[    1.913190] ohci_hcd: USB 1.1 'Open' Host Controller (OHCI) Driver
[    1.914578] ohci-pci: OHCI PCI platform driver
[    1.915754] ohci-platform: OHCI generic platform driver
[    1.916974] uhci_hcd: USB Universal Host Controller Interface driver
[    1.918462] i8042: PNP: PS/2 Controller [PNP0303:PS2K,PNP0f03:PS2M] at 0x60,0x64 irq 1,12
[    1.931639] serio: i8042 KBD port at 0x60,0x64 irq 1
[    1.932832] serio: i8042 AUX port at 0x60,0x64 irq 12
[    1.934181] mousedev: PS/2 mouse device common for all mice
[    1.946517] input: AT Translated Set 2 keyboard as /devices/platform/i8042/serio0/input/input2
[    1.951439] rtc_cmos rtc_cmos: rtc core: registered rtc_cmos as rtc0
[    1.954993] rtc_cmos rtc_cmos: alarms up to one day, 114 bytes nvram
[    1.982799] i2c /dev entries driver
[    1.995377] device-mapper: uevent: version 1.0.3
[    1.996592] device-mapper: ioctl: 4.34.0-ioctl (2015-10-28) initialised: dm-devel@redhat.com
[    2.007543] ledtrig-cpu: registered to indicate activity on CPUs
[    2.023463] NET: Registered protocol family 10
[    2.024864] NET: Registered protocol family 17
[    2.027481] Key type dns_resolver registered
[    2.028879] registered taskstats version 1
[    2.029959] Loading compiled-in X.509 certificates
[    2.031926] Loaded X.509 cert 'Build time autogenerated kernel key: 5103689f9da3e841c6100f8bb032b132cf76e38d'
[    2.053591] zswap: loaded using pool lzo/zbud
[    2.066632] Key type trusted registered
[    2.071889] Key type encrypted registered
[    2.075795] AppArmor: AppArmor sha1 policy hashing enabled
[    2.077068] ima: No TPM chip found, activating TPM-bypass!
[    2.078324] ima: Allocated hash algorithm: sha1
[    2.079476] evm: HMAC attrs: 0x1
[    2.080805]   Magic number: 7:477:65
[    2.081911] rtc_cmos rtc_cmos: setting system clock to 2019-06-03 07:05:55 UTC (1559545555)
[    2.085426] BIOS EDD facility v0.16 2004-Jun-25, 0 devices found
[    2.086779] EDD information not available.
[    2.089393] Freeing unused kernel memory: 1484K
[    2.119309] Write protecting the kernel read-only data: 14336k
[    2.145804] Freeing unused kernel memory: 1620K
[    2.147090] Freeing unused kernel memory: 68K
Loading, please wait...
starting version 229
[    2.164414] random: systemd-udevd: uninitialized urandom read (16 bytes read, 2 bits of entropy available)
[    2.165325] random: udevadm: uninitialized urandom read (16 bytes read, 2 bits of entropy available)
[    2.165350] random: udevadm: uninitialized urandom read (16 bytes read, 2 bits of entropy available)
[    2.177035] random: udevadm: uninitialized urandom read (16 bytes read, 2 bits of entropy available)
[    2.177088] random: udevadm: uninitialized urandom read (16 bytes read, 2 bits of entropy available)
[    2.177286] random: udevadm: uninitialized urandom read (16 bytes read, 2 bits of entropy available)
[    2.177354] random: udevadm: uninitialized urandom read (16 bytes read, 2 bits of entropy available)
[    2.177423] random: udevadm: uninitialized urandom read (16 bytes read, 2 bits of entropy available)
[    2.177489] random: udevadm: uninitialized urandom read (16 bytes read, 2 bits of entropy available)
[    2.177554] random: udevadm: uninitialized urandom read (16 bytes read, 2 bits of entropy available)
[    2.271773] e1000: Intel(R) PRO/1000 Network Driver - version 7.3.21-k8-NAPI
[    2.273353] e1000: Copyright (c) 1999-2006 Intel Corporation.
[    2.274868] Fusion MPT base driver 3.04.20
[    2.277419] Copyright (c) 1999-2008 LSI Corporation
[    2.286718] Fusion MPT SPI Host driver 3.04.20
[    2.322795] AVX version of gcm_enc/dec engaged.
[    2.324230] AES CTR mode by8 optimization enabled
[    2.489999] input: ImExPS/2 Generic Explorer Mouse as /devices/platform/i8042/serio1/input/input4
[    2.704826] e1000 0000:00:03.0 eth0: (PCI:33MHz:32-bit) 02:11:c2:af:aa:45
[    2.722964] e1000 0000:00:03.0 eth0: Intel(R) PRO/1000 Network Connection
[    2.726494] mptbase: ioc0: Initiating bringup
[    2.748286] e1000 0000:00:03.0 enp0s3: renamed from eth0
[    2.812095] ioc0: LSI53C1030 A0: Capabilities={Initiator}
[    2.981515] scsi host2: ioc0: LSI53C1030 A0, FwRev=00000000h, Ports=1, MaxQ=256, IRQ=20
[    3.100878] scsi 2:0:0:0: Direct-Access     VBOX     HARDDISK         1.0  PQ: 0 ANSI: 5
[    3.113756] scsi target2:0:0: Beginning Domain Validation
[    3.121564] scsi target2:0:0: Domain Validation skipping write tests
[    3.127113] scsi target2:0:0: Ending Domain Validation
[    3.130013] scsi target2:0:0: asynchronous
[    3.132972] scsi 2:0:1:0: Direct-Access     VBOX     HARDDISK         1.0  PQ: 0 ANSI: 5
[    3.987405] scsi target2:0:1: Beginning Domain Validation
[    4.000944] scsi target2:0:1: Domain Validation skipping write tests
[    4.013254] scsi target2:0:1: Ending Domain Validation
[    4.014522] scsi target2:0:1: asynchronous
[    4.021526] sd 2:0:0:0: Attached scsi generic sg0 type 0
[    4.028718] sd 2:0:0:0: [sda] 20971520 512-byte logical blocks: (10.7 GB/10.0 GiB)
[    4.032344] sd 2:0:0:0: [sda] Write Protect is off
[    4.032888] sd 2:0:1:0: Attached scsi generic sg1 type 0
[    4.044489] sd 2:0:1:0: [sdb] 20480 512-byte logical blocks: (10.5 MB/10.0 MiB)
[    4.044535] sd 2:0:0:0: [sda] Incomplete mode parameter data
[    4.044536] sd 2:0:0:0: [sda] Assuming drive cache: write through
[    4.087840] sd 2:0:1:0: [sdb] Write Protect is off
[    4.096631] sd 2:0:1:0: [sdb] Incomplete mode parameter data
[    4.097988] sd 2:0:1:0: [sdb] Assuming drive cache: write through
[    4.101952]  sda: sda1
[    4.104181] sd 2:0:1:0: [sdb] Attached SCSI disk
[    4.128637] sd 2:0:0:0: [sda] Attached SCSI disk
Begin: Loading essential drivers ... [    5.556494] md: linear personality registered for level -1
[    5.581912] md: multipath personality registered for level -4
[    5.596940] md: raid0 personality registered for level 0
[    5.609626] md: raid1 personality registered for level 1
[    5.687657] raid6: sse2x1   gen()  7289 MB/s
[    5.767213] raid6: sse2x1   xor()  5680 MB/s
[    5.835200] raid6: sse2x2   gen()  8292 MB/s
[    5.903180] raid6: sse2x2   xor()  5594 MB/s
[    5.971182] raid6: sse2x4   gen() 10418 MB/s
[    6.039206] raid6: sse2x4   xor()  8041 MB/s
[    6.049009] raid6: using algorithm sse2x4 gen() 10418 MB/s
[    6.050303] raid6: .... xor() 8041 MB/s, rmw enabled
[    6.051514] raid6: using ssse3x2 recovery algorithm
[    6.054451] xor: automatically using best checksumming function:
[    6.095237]    avx       : 17684.000 MB/sec
[    6.113566] async_tx: api initialized (async)
[    6.129074] md: raid6 personality registered for level 6
[    6.135825] md: raid5 personality registered for level 5
[    6.148422] md: raid4 personality registered for level 4
[    6.157091] md: raid10 personality registered for level 10
done.
Begin: Running /scripts/init-premount ... done.
Begin: Mounting root file system ... Begin: Running /scripts/local-top ... done.
Begin: Running /scripts/local-premount ... [    6.198630] Btrfs loaded
Scanning for Btrfs filesystems
done.
Warning: fsck not present, so skipping root file system
[    6.242916] EXT4-fs (sda1): mounted filesystem with ordered data mode. Opts: (null)
done.
Begin: Running /scripts/local-bottom ... done.
Begin: Running /scripts/init-bottom ... done.
[    6.368235] systemd[1]: systemd 229 running in system mode. (+PAM +AUDIT +SELINUX +IMA +APPARMOR +SMACK +SYSVINIT +UTMP +LIBCRYPTSETUP +GCRYPT +GNUTLS +ACL +XZ -LZ4 +SECCOMP +BLKID +ELFUTILS +KMOD -IDN)
[    6.400325] systemd[1]: Detected virtualization oracle.
[    6.401582] systemd[1]: Detected architecture x86-64.

Welcome to [1mUbuntu 16.04.6 LTS[0m!

[    6.448211] systemd[1]: Set hostname to <ubuntu>.
[    6.482243] systemd[1]: Initializing machine ID from random generator.
[    6.483815] systemd[1]: Installed transient /etc/machine-id file.
[    6.649430] systemd[1]: Listening on udev Control Socket.
[[0;32m  OK  [0m] Listening on udev Control Socket.
[    6.692108] systemd[1]: Created slice System Slice.
[[0;32m  OK  [0m] Created slice System Slice.
[    6.716200] systemd[1]: Listening on /dev/initctl Compatibility Named Pipe.
[[0;32m  OK  [0m] Listening on /dev/initctl Compatibility Named Pipe.
[    6.772077] systemd[1]: Reached target Encrypted Volumes.
[[0;32m  OK  [0m] Reached target Encrypted Volumes.
[    6.795955] systemd[1]: Reached target System Time Synchronized.
[[0;32m  OK  [0m] Reached target System Time Synchronized.
[    6.835998] systemd[1]: Reached target Swap.
[[0;32m  OK  [0m] Reached target Swap.
[    6.854114] systemd[1]: Created slice system-serial\x2dgetty.slice.
[[0;32m  OK  [0m] Created slice system-serial\x2dgetty.slice.
[    6.868226] systemd[1]: Started Forward Password Requests to Wall Directory Watch.
[[0;32m  OK  [0m] Started Forward Password Requests to Wall Directory Watch.
[    6.907111] systemd[1]: Started Trigger resolvconf update for networkd DNS.
[[0;32m  OK  [0m] Started Trigger resolvconf update for networkd DNS.
[    6.913603] systemd[1]: Listening on LVM2 poll daemon socket.
[[0;32m  OK  [0m] Listening on LVM2 poll daemon socket.
[    6.917228] systemd[1]: Created slice User and Session Slice.
[[0;32m  OK  [0m] Created slice User and Session Slice.
[    6.920375] systemd[1]: Reached target Slices.
[[0;32m  OK  [0m] Reached target Slices.
[    6.943718] systemd[1]: Listening on Syslog Socket.
[[0;32m  OK  [0m] Listening on Syslog Socket.
[    6.946860] systemd[1]: Reached target User and Group Name Lookups.
[[0;32m  OK  [0m] Reached target User and Group Name Lookups.
[    6.976871] systemd[1]: Set up automount Arbitrary Executable File Formats File System Automount Point.
[[0;32m  OK  [0m] Set up automount Arbitrary Executab...ats File System Automount Point.
[    6.981011] systemd[1]: Listening on Journal Audit Socket.
[[0;32m  OK  [0m] Listening on Journal Audit Socket.
[    7.008830] systemd[1]: Listening on udev Kernel Socket.
[[0;32m  OK  [0m] Listening on udev Kernel Socket.
[    7.048440] systemd[1]: Listening on Journal Socket (/dev/log).
[[0;32m  OK  [0m] Listening on Journal Socket (/dev/log).
[    7.091925] systemd[1]: Listening on Device-mapper event daemon FIFOs.
[[0;32m  OK  [0m] Listening on Device-mapper event daemon FIFOs.
[    7.121488] systemd[1]: Listening on LVM2 metadata daemon socket.
[[0;32m  OK  [0m] Listening on LVM2 metadata daemon socket.
[    7.154956] systemd[1]: Listening on Journal Socket.
[[0;32m  OK  [0m] Listening on Journal Socket.
[    7.203640] systemd[1]: Starting Load Kernel Modules...
[    7.225435] Loading iSSI transport class v2.0-870.

         Starting Load Kernel Modules...
[    7.255638] systemd[1]: Mounting POSIX Message Queue File System...
         Mounting POSIX Message Queue File System...
[    7.259621] systemd[1]: Starting Nameserver information manager...
         Starting Nameserver information manager...
[    7.265253] systemd[1]: Starting Remount Root and Kernel File Systems...
[    7.266969] iscsi: registered transport (tcp)
         Starting Remount Root and Kernel File Systems...
[    7.270607] systemd[1]: Mounting Huge Pages File System...
         Mounting Huge Pages File System...
[    7.279433] EXT4-fs (sda1): re-mounted. Opts: (null)
[    7.284440] systemd[1]: Starting Uncomplicated firewall...
         Starting Uncomplicated firewall...
[    7.302462] systemd[1]: Mounting Debug File System...
         Mounting Debug File System...
[    7.306719] systemd[1]: Starting Set console keymap...
         Starting Set console keymap...
[    7.324253] systemd[1]: Starting Monitoring of LVM2 mirrors, snapshots etc. using dmeventd or progress polling...
         Starting Monitor[    7.340998] iscsi: registered transport (iser)
ing of LVM2 mirrors... dmeventd or progress polling...
[    7.379675] systemd[1]: Starting Journal Service...
         Starting Journal Service...
[    7.385355] systemd[1]: Starting Create list of required static device nodes for the current kernel...
         Starting Create list of required st... nodes for the current kernel...
[    7.443674] systemd[1]: Mounted Debug File System.
[[0;32m  OK  [0m] Mounted Debug File System.
[    7.667703] sstemd[1]: Mounted POSIX essae ueueFileSSystem.
[[0;32m  OK  [0m] Mounted POSIX Message Queue File System.
[    7.654009] systemd[1]: Mounted Huge Pages File System.
[[0;32m  OK  [0m] Mounted Huge Pages File System.
[    7.657119] systemd[1]: Started Journal Service.
[[0;32m  OK  [0m] Started Journal Service.
[[0;32m  OK  [0m] Started Load Kernel Modules.
[[0;32m  OK  [0m] Started Remount Root and Kernel File Systems.
[[0;32m  OK  [0m] Started Uncomplicated firewall.
[[0;32m  OK  [0m] Started Set console keymap.
[[0;32m  OK  [0m] Started Create list of required sta...ce nodes for the current kernel.
[[0;32m  OK  [0m] Started Nameserver information manager.
[[0;32m  OK  [0m] Started LVM2 metadata daemon.
         Starting Create Static Device Nodes in /dev...
         Starting Load/Save Random Seed...
         Starting udev Coldplug all Devices...
         Mounting FUSE Control File System...
         Starting Apply Kernel Variables...
         Starting Flush Journal to Persistent Storage...
[[0;32m  OK  [0m] Mounted FUSE Control File System.
[[0;32m  OK  [0m] Started Create Static Device Nodes in /dev.
[[0;32m  OK  [0m] Started Load/Save Random Seed.
[[0;32m  OK  [0m] Started Apply Kernel Variables.
[[0;32m  OK  [0m] Started Flush Journal to Persistent Storage.
[[0;32m  OK  [0m] Started udev Coldplug all Devices.
         Starting udev Kernel Device Manager...
[[0;32m  OK  [0m] Started udev Kernel Device Manager.
[[0;32m  OK  [0m] Started Dispatch Password Requests to Console Directory Watch.
[[0;32m  OK  [0m] Started Monitoring of LVM2 mirrors,...ng dmeventd or progress polling.
[[0;32m  OK  [0m] Reached target Local File Systems (Pre).
[[0;32m  OK  [0m] Reached target Local File Systems.
         Starting LSB: AppArmor initialization...
         Starting Create Volatile Files and Directories...
         Starting Tell Plymouth To Write Out Runtime Data...
         Starting Set console font and keymap...
         Starting Commit a transient machine-id on disk...
         Starting Initial cloud-init job (pre-networking)...
[[0;32m  OK  [0m] Started Create Volatile Files and Directories.
[[0;32m  OK  [0m] Started Tell Plymouth To Write Out Runtime Data.
[[0;32m  OK  [0m] Started Commit a transient machine-id on disk.
         Starting Update UTMP about System Boot/Shutdown...
[[0;32m  OK  [0m] Started Update UTMP about System Boot/Shutdown.
[[0;32m  OK  [0m] Found device /dev/ttyS0.
[[0;32m  OK  [0m] Listening on Load/Save RF Kill Switch Status /dev/rfkill Watch.
[    9.233354] cloud-init[500]: Cloud-init v. 18.5-45-g3554ffe8-0ubuntu1~16.04.1 running 'init-local' at Mon, 03 Jun 2019 07:06:02 +0000. Up 8.54 seconds.
[[0;32m  OK  [0m] Started LSB: AppArmor initialization.
[[0;32m  OK  [0m] Started Initial cloud-init job (pre-networking).
[[0;32m  OK  [0m] Reached target Network (Pre).
         Starting Raise network interfaces...
[[0;32m  OK  [0m] Started Set console font and keymap.
[[0;32m  OK  [0m] Created slice system-getty.slice.
[[0;32m  OK  [0m] Started Raise network interfaces.
         Starting Initial cloud-init job (metadata service crawler)...
[[0;32m  OK  [0m] Reached target Network.
[   11.056069] cloud-init[949]: Cloud-init v. 18.5-45-g3554ffe8-0ubuntu1~16.04.1 running 'init' at Mon, 03 Jun 2019 07:06:04 +0000. Up 10.33 seconds.
[   11.066548] cloud-init[949]: ci-info: ++++++++++++++++++++++++++++++++++++++Net device info++++++++++++++++++++++++++++++++++++++
[   11.072124] cloud-init[949]: ci-info: +--------+------+----------------------------+---------------+--------+-------------------+
[   11.074956] cloud-init[949]: ci-info: | Device |  Up  |          Address           |      Mask     | Scope  |     Hw-Address    |
[   11.088818] cloud-init[949]: ci-info: +--------+------+----------------------------+---------------+--------+-------------------+
[   11.127655] [[0;32m  OK  [0m] Started Initial cloud-init job (metadata service crawler).
cloud-init[949]: ci-info: | enp0s3 | True |         10.0.2.15          | 255.255.255.0 | global | 02:11:c2:af:aa:45 |
[   11.188023] [[0;32m  OK  [0m] Reached target System Initialization.
         Starting Socket activation for snappy daemon.
[[0;32m  OK  [0m] Started Daily Cleanup of Temporary Directories.
[[0;32m  OK  [0m] Listening on ACPID Listen Socket.
cloud-init[949]: ci-info: | enp0s3 | True | fe80::11:c2ff:feaf:aa45/64 |       .       |  link  | 02:11:c2:af:aa:45 |
[   11.229944] [cloud-init[0;32m  OK  [0m[949]: ] ci-info: |   lo   | True |         127.0.0.1          |   255.0.0.0   |  host  |         .         |Started ACPI Events Check.

[   11.231510] [[0;32m  OK  [0m] Reached target Paths.
[[0;32m  OK  [0m] Listening on UUID daemon activation socket.
cloud-init[949]: ci-info: |   lo   | True |          ::1/128           |       .       |  host  |         .         |
[   11.339110] cloud-init         Starting LXD - unix socket.
[[0;32m  OK  [0m] Started Daily apt download activities.
[949]: ci-info: +--------+------+----------------------------+---------------+--------+-------------------+
[[0;32m  OK  [0m] Started Daily apt upgrade and clean activities.
[   11.367865] [cloud-init[0;32m  OK  [0m[949]: ] ci-info: +++++++++++++++++++++++++++Route IPv4 info++++++++++++++++++++++++++++Reached target Timers.

[   11.394999] [cloud-init[0;32m  OK  [0m[949]: ] ci-info: +-------+-------------+----------+---------------+-----------+-------+Listening on D-Bus System Message Bus Socket.

[   11.462403] [[0;32m  OK  [0m] Reached target Network is Online.
cloud-init[949]: ci-info: | Route | Destination | Gateway  |    Genmask    | Interface | Flags |
[   11.562130] cloud-init[949]: ci-info: +-------+-------------+----------+---------------+-----------+-------+
         Starting iSCSI initiator daemon (iscsid)...
[   11.565060] [[0;32m  OK  [0m] Reached target Cloud-config availability.
cloud-init[[0;32m  OK  [0m] Listening on Socket activation for snappy daemon.
[[0;32m  OK  [0m] Listening on LXD - unix socket.
[949]: ci-info: |   0   |   0.0.0.0   | 10.0.2.2 |    0.0.0.0    |   enp0s3  |   UG  |
[   11.654991] cloud-init[949]: [[0;32m  OK  [0m] Reached target Sockets.
[[0;32m  OK  [0m] Reached target Basic System.
ci-info: |   1   |   10.0.2.0  | 0.0.0.0  | 255.255.255.0 |   enp0s3  |   U   |
[   11.685082] cloud-init         Starting Login Service...
[949]: ci-info: +-------+-------------+----------+---------------+-----------+-------+
[   11.689520] cloud-init[949]: ci-info: +++++++++++++++++++Route IPv6 info+++++++++++++++++++
[   11.691825] cloud-init[949]: ci-info: +-------+-------------+---------+-----------+-------+
[   11.697072] cloud-init[949]: ci-info: | Route | Destination | Gateway | Interface | Flags |
[   11.700125]          cloud-initStarting LSB: Record successful boot for GRUB...[949]: 
ci-info: +-------+-------------+---------+-----------+-------+
[   11.722112]          Starting /etc/rc.local Compatibility...
cloud-init[[0;32m  OK  [0m] Started FUSE filesystem for LXC.
[949]:          Starting LSB: MD monitoring daemon...
ci-info: |   0   |  fe80::/64  |    ::   |   enp0s3  |   U   |[
[0;32m  OK  [0m] Started D-Bus System Message Bus.
[   11.767821] cloud-init[949]: ci-info: |   3   |   ff00::/8  |    ::   |   enp0s3  |   U   |
[   11.769917] cloud-init[949]: ci-info: +-------+-------------+---------+-----------+-------+
         Starting LXD - container startup/shutdown...
[[0;32m  OK  [0m] Started Deferred execution scheduler.
         Starting Virtualbox guest utils...
[   11.776212]          cloud-initStarting System Logging Service...[949]: 
Generating public/private rsa key pair.
[   11.817198] [[0;32m  OK  [0m] Started Unattended Upgrades Shutdown.
cloud-init[949]: Your identification has been saved in /etc/ssh/ssh_host_rsa_key.
[   11.823357] cloud-init[949]: Your public key has been saved in /etc/ssh/ssh_host_rsa_key.pub.
[   11.825781] cloud-init[949]: The key fingerprint is:
[   11.827664] cloud-init[949]: SHA256:NaGPb3OK4ryPvhTU7+Gx2WDzHCghTeLUbZPg9qCa7jE root@ubuntu-xenial
[   11.832142] cloud-init[949]: The key's randomart image is:
[   11.841593]          Starting Accounts Service...
cloud-init[949]: +---[RSA 2048]----+[[0;32m  OK  [0m] Started ACPI event daemon.

         Starting Pollinate to seed the pseudo random number generator...
[   11.851915] cloud-init[949]: |      o.oo..     |
         Starting Snappy daemon...
[   11.901943] cloud-init[949]: |     o *..=.     |
[   11.926914] cloud-init[949]: |      + O.o.     |
[   11.937596] [cloud-init[0;32m  OK  [0m[949]: ] |     . + O o     |Started Regular background program processing daemon.

[   11.938279] cloud-init[949]: |      o S @ .    |
[   11.955486] [[0;32m  OK  [0m] Started System Logging Service.
cloud-init[949]: |     o . * @ .   |
[   11.970043] [[0;32m  OK  [0m] Started iSCSI initiator daemon (iscsid).
cloud-init[949]: |    E .   O =    |
[   11.973410] [[0;32m  OK  [0m] Started /etc/rc.local Compatibility.
[[0;32m  OK  [0m] Started LXD - container startup/shutdown.
cloud-init[949]: |   . =.. o +     |
[   11.988629] cloud-init[949]: |   .ooB=o .      |
[   11.990694] cloud-init[949]: +----[SHA256]-----+
[   12.002161] cloud-init[949]: Generating public/private dsa key pair.
[[0;32m  OK  [0m] Started LSB: Record successful boot for GRUB.
[[0;32m  OK  [0m] Started LSB: MD monitoring daemon.
[   12.021148] cloud-init[949]: Your identification has been saved in /etc/ssh/ssh_host_dsa_key.
[   12.034924] cloud-init[949]: Your public key has been saved in /etc/ssh/ssh_host_dsa_key.pub.
[   12.040225] cloud-init[949]: The key fingerprint is:
[   12.046360] cloud-init[949]: SHA256:VFbvijQhDitrvXTGHaHelqziPH/Wt5L6pEHXwnv3N8w root@ubuntu-xenial
[   12.050410] cloud-init[949]: The key's randomart image is:
[[0;32m  OK  [0m] Started Login Service.
[   12.058751] cloud-init[949]: +---[DSA 1024]----+
[   12.068995] cloud-init[949]: |          o..    |
[   12.077330] cloud-init[949]: |         o   .   |
         Starting Authenticate and Authorize Users to Run Privileged Tasks...
[   12.079867] cloud-init         Starting Login to default iSCSI targets...
[949]: |      . o o   .  |
[   12.094602] cloud-init[949]: |       = o + o   |
[   12.101584] cloud-init[949]: |    . . S = + o  |
[   12.109052] cloud-init[949]: |     + o * * +   |
[   12.112539] cloud-init[949]: |    o o = O.+.+ .|
[   12.115468] cloud-init[949]: |   . oo+ oo++..Eo|
[   12.119343] cloud-init[949]: |     .++oooo.o..+|
[   12.121248] cloud-init[949]: +----[SHA256]-----+
[   12.123057] cloud-init[949]: Generating public/private ecdsa key pair.
[   12.125786] cloud-init[949]: Your identification has been saved in /etc/ssh/ssh_host_ecdsa_key.
[   12.129036] cloud-init[949]: Your public key has been saved in /etc/ssh/ssh_host_ecdsa_key.pub.
[   12.133553] cloud-init[949]: The key fingerprint is:
[   12.138867] cloud-init[949]: SHA256:2UDj4fEUbPfKjuGpnxu9NmdVtsBuv++ZhhiUgZR2ef0 root@ubuntu-xenial
[   12.142513] cloud-init[949]: The key's randomart image is:
[   12.145037] cloud-init[949]: +---[ECDSA 256]---+
[   12.148432] cloud-init[949]: |        *o=.. .  |
[   12.151262] cloud-init[949]: |       + Xo+.. . |[[0;32m  OK  [0m] Started Authenticate and Authorize Users to Run Privileged Tasks.
[[0;32m  OK  [0m] Started Accounts Service.

[   12.157591] [[0;32m  OK  [0m] Started Login to default iSCSI targets.
cloud-init[949]: |        =.o.=.  .|
[[0;32m  OK  [0m] Reached target Remote File Systems (Pre).
[[0;32m  OK  [0m] Reached target Remote File Systems.
         Starting Permit User Sessions...
         Starting LSB: automatic crash report generation...
         Starting LSB: daemon to balance interrupts for SMP systems...
         Starting LSB: Set the CPU Frequency Scaling governor to "ondemand"...
[[0;32m  OK  [0m] Started Virtualbox guest utils.
[   12.162881] cloud-init[[0;32m  OK  [0m] Started Permit User Sessions.
[949]: |         + o o. E|
[   12.196962] cloud-init[949]: |        S o.....o|
[   12.213162] cloud-init[949]: |          .ooo ..|
[   12.217987] cloud-init[949]: |         ..== o. |
[   12.224851] cloud-init[949]: |          +++oooo|
[   12.226990] cloud-init[949]: |        .o+o.+.==|
[   12.228853] cloud-init[949]: +----[SHA256]-----+
[   12.233218] cloud-init[949]: Generating public/private ed25519 key pair.
[   12.235306] cloud-init         Starting Terminate Plymouth Boot Screen...
         Starting Hold until boot process finishes up...
[[0;32m  OK  [0m] Started Snappy daemon.
[949]: [[0;32m  OK  [0m] Started Hold until boot process finishes up.
Your identification has been saved in /etc/ssh/ssh_host_ed25519_key.
         Starting Set console scheme...
[   12.256713] cloud-init[949]: Your public key has been saved in /etc/ssh/ssh_host_ed25519_key.pub.
[   12.277051] cloud-init[949]: The key fingerprint is:
[   12.278964] cloud-init[949]: SHA256:5nOpP9koN62i+XQJS9f9GaEnUj3tAgr4m8seet8K4XE root@ubuntu-xenial
[   12.297897] [[0;32m  OK  [0m] Started Getty on tty1.
[[0;32m  OK  [0m] Started Serial Getty on ttyS0.
[[0;32m  OK  [0m] Reached target Login Prompts.
         Starting Wait until snapd is fully seeded...
[cloud-init[0;32m  OK  [0m] Started Pollinate to seed the pseudo random number generator.
[[0;32m  OK  [0m] Started LSB: automatic crash report generation.
[[0;32m  OK  [0m] Started LSB: daemon to balance interrupts for SMP systems.
[[0;32m  OK  [0m] Started LSB: Set the CPU Frequency Scaling governor to "ondemand".
[[0;32m  OK  [0m] Started Terminate Plymouth Boot Screen.
[[0;32m  OK  [0m] Started Set console scheme.
[949]: The key's randomart image is:
[   12.329037] cloud-init[949]: +--[ED25519 256]--+
[   12.331359] cloud-init[949]: |                 |
[   12.332989] cloud-init[949]: |       .      . .|
[   12.334500] cloud-init[949]: |      . .   .. +.|
[   12.336951] cloud-init[949]: |       . . o.o..o|
[   12.338585] cloud-init[949]: |        S E..ooo.|
[   12.341141] cloud-init[949]: |       = X o. ooo|
[   12.343344] cloud-init         Starting OpenBSD Secure Shell server...
[949]: |        @ ==   ..|
[   12.346640] cloud-init[949]: |       =+O*.o    |
[   12.350672] cloud-init[949]: |      +=**==.    |
[   12.354056] cloud-init[949]: +----[SHA256]-----+
[[0;32m  OK  [0m] Started OpenBSD Secure Shell server.
[[0;32m  OK  [0m] Started Wait until snapd is fully seeded.
         Starting Apply the settings specified in cloud-config...
[[0;32m  OK  [0m] Reached target Multi-User System.
[[0;32m  OK  [0m] Reached target Graphical Interface.
         Starting Update UTMP about System Runlevel Changes...
[[0;32m  OK  [0m] Started Update UTMP about System Runlevel Changes.
[   15.928285] cloud-init[1291]: Generating locales (this might take a while)...
[   16.837769] cloud-init[1291]:   en_US.UTF-8... done
[   16.840230] cloud-init[1291]: Generation complete.
[   17.263896] cloud-init[1291]: Cloud-init v. 18.5-45-g3554ffe8-0ubuntu1~16.04.1 running 'modules:config' at Mon, 03 Jun 2019 07:06:09 +0000. Up 15.79 seconds.
ci-info: no authorized ssh keys fingerprints found for user ubuntu.
<14>Jun  3 07:06:12 ec2: 
<14>Jun  3 07:06:12 ec2: #############################################################
<14>Jun  3 07:06:12 ec2: -----BEGIN SSH HOST KEY FINGERPRINTS-----
<14>Jun  3 07:06:12 ec2: 1024 SHA256:VFbvijQhDitrvXTGHaHelqziPH/Wt5L6pEHXwnv3N8w root@ubuntu-xenial (DSA)
<14>Jun  3 07:06:12 ec2: 256 SHA256:2UDj4fEUbPfKjuGpnxu9NmdVtsBuv++ZhhiUgZR2ef0 root@ubuntu-xenial (ECDSA)
<14>Jun  3 07:06:12 ec2: 256 SHA256:5nOpP9koN62i+XQJS9f9GaEnUj3tAgr4m8seet8K4XE root@ubuntu-xenial (ED25519)
<14>Jun  3 07:06:12 ec2: 2048 SHA256:NaGPb3OK4ryPvhTU7+Gx2WDzHCghTeLUbZPg9qCa7jE root@ubuntu-xenial (RSA)
<14>Jun  3 07:06:12 ec2: -----END SSH HOST KEY FINGERPRINTS-----
<14>Jun  3 07:06:12 ec2: #############################################################
-----BEGIN SSH HOST KEY KEYS-----
ecdsa-sha2-nistp256 AAAAE2VjZHNhLXNoYTItbmlzdHAyNTYAAAAIbmlzdHAyNTYAAABBBP1nUJY80xCV0gg8kK3o043h+5FFLAkB8EkJr4h0uGwqUizD89Fp7hqUqCLs1CPbOP96GoHTwhjY3X3Rt/+mKQQ= root@ubuntu-xenial
ssh-ed25519 AAAAC3NzaC1lZDI1NTE5AAAAILH+fdo9q5KcV9fmcwZivQPUG/zm5QVAx+iqT2elrHhH root@ubuntu-xenial
ssh-rsa AAAAB3NzaC1yc2EAAAADAQABAAABAQDkzRze7CuX8zvAbeKjhxuXDv5KF5NRC9eLvbZu/9DCEqGJ75ayhqND8PpFex2VCG4r0qXlofw4Fl+9E/5Zfu2IUMWnae1ZKwx3zR5PbEGPbOwMVv7HaYHXbguB/8EBO8W4JQJx49By9ctabtXfkA1PVAhQk/7hk3c2EEcQHSSZjKhwzvag0B6x0WMZDiMgbD7IVCzxddkCxs5DISZi6LN6w/xwMrfh81Chey2Om7lerUmFW1hFgP1c3VgmNj0boNU44HO5Ba8bzuxckT6Dpx0t8bFttuok2552bx6QkxbIubv2q/SjqhP08ZQNmJgwIYcSbINvQhHUnTEU6qO2S0y/ root@ubuntu-xenial
-----END SSH HOST KEY KEYS-----
[   18.046155] cloud-init[1345]: Cloud-init v. 18.5-45-g3554ffe8-0ubuntu1~16.04.1 running 'modules:final' at Mon, 03 Jun 2019 07:06:11 +0000. Up 17.82 seconds.
[   18.046460] cloud-init[1345]: ci-info: no authorized ssh keys fingerprints found for user ubuntu.
[   18.046651] cloud-init[1345]: Cloud-init v. 18.5-45-g3554ffe8-0ubuntu1~16.04.1 finished at Mon, 03 Jun 2019 07:06:12 +0000. Datasource DataSourceNoCloud [seed=/dev/sdb][dsmode=net].  Up 18.02 seconds

Ubuntu 16.04.6 LTS ubuntu-xenial ttyS0

ubuntu-xenial login: 