[    0.0000] Initializing cgroup subsys cset
[   0.000000] Initializing cgroup subsys cpu
[    0.0000] Initiaizng cgroup subsys cpuacct
[    0.000000] Linux version 4.4.0-148-generic (buildd@lgw01-amd64-031) (gcc version 5.4.0 20160609 (Ubuntu 5.4.0-6ubuntu1~16.04.10) ) #74Ubuntu SMP Tue May 7 12:20:14 UTC 2019 (Ubuntu 4.4.0-148.174-generic 4.4.177)
[    0.000000] Command line: BOOT_IMAGE=/boot/vmlinuz-4.4.0-148-generic root=LABEL=cloudimg-rootfs ro console=tty1 console=ttyS0
[    0.000000] KERNEL supported cpus:
[    0.000000]   Intel GenuineIntel
[    0.000000]   AMD AuthenticAMD
[    0.000000]   Centaur CentaurHauls
[    0.000000] x86/fpu: xstate_offset[2]:  576, xstate_sizes[2]:  256
[    0.000000] x86/fpu: Supporting XSAVE feature 0x01: x87 floating point registers'
[    0.000000] x86/fpu: Supporting XSAVE feature 0x02: 'SSE registers'
[    0.000000] x86/fpu: Supporting XSAVE featre 0x04: 'AVX registers'
[    0.000000] x86/fpu: Enabled xstate features 0x7, context size is 832 bytes, using 'standard' format.
[    0.000000] e820: BIOS-provided physical RAM map:
[    0.000000] BIOS-e820: [mem 0x0000000000000000-0x000000000009fbff] usable
[    0.000000] BIOS-e820: [mem 0x000000000009fc00-0x000000000009ffff] reserved
[    0.000000] BIOS-e820: [mem 0x00000000000f0000-0x0000000000fffff] reserved
[    0.000000] BIOS-e820: [mem 0x0000000000100000-0x000000003ffeffff] usable
[    0.000000] BIOS-e820: [mem 0x000000003fff0000-0x000000003fffffff] ACPI data
[    0.000000] BIOS-e820: [mem 0x00000000fec00000-0x00000000fec00fff] reserved
[    0.000000] BIOS-e820: [mem 0x00000000fee00000-0x00000000fee00fff] reserved
[    0.000000] BIOS-e820: [mem 0x00000000fffc0000-0x00000000ffffffff] reserved
[    0.000000] NX (Execute Disable) protection: active
[    0.000000] SMBIOS 2.5 present.
[    0.000000] Hypervisor detected: KVM
[    0.000000] e820: last_pfn = 0x3fff0 max_arch_pfn = 0x400000000
[    0.000000] MTRR: Disabled
[    0.000000] x86/PAT: MTRRs disabled, skipping PAT initialization too.
[    0.000000] CPU MTRRs all blank - virtualized system.
[    0.000000] x86/PAT: Configuration [0-7]: WB  WT  UC- UC  WB  WT  UC- UC  
[    0.000000] found SMP MP-table at [mem 0x0009fff0-0x0009ffff] mapped at [ffff88000009fff0]
[    0.000000] Scanning 1 areas for low memory corruption
[    0.000000] RAMDISK: [mem 0x362fa000-0x37174fff]
[    0.000000] ACPI: Early table checksum verification disabled
[    0.000000] ACPI: RSDP 0x00000000000E0000 000024 (v02 VBOX  )
[    0.000000] ACPI: XSDT 0x000000003FFF0030 00003C (v01 VBOX   VBOXXSDT 00000001 ASL  00000061)
[    0.000000] ACPI: FACP 0x000000003FFF00F0 0000F4 (v04 VBOX   VBOXFACP 00000001 ASL  00000061)
[    0.000000] ACPI: DSDT 0x000000003FFF0470 0021FF (v02 VBOX   VBOXBIOS 00000002 INTL 20100528)
[    0.000000] ACPI: FACS 0x000000003FFF0200 000040
[    0.000000] ACPI: FACS 0x000000003FFF0200 000040
[    0.000000] ACPI: APIC 0x000000003FFF0240 00005C (v02 VBOX   VBOXAPIC 00000001 ASL  00000061)
[    0.000000] ACPI: SSDT 0x000000003FFF02A0 0001CC (v01 VBOX   VBOXCPUT 00000002 INTL 20100528)
[    0.000000] No NUMA configuration found
[    0.000000] Faking a node at [mem 0x0000000000000000-0x000000003ffeffff]
   0.000000]ODE_DATA(0) allocated [mem 0x3ffeb000-0x3ffeffff]
[    0.000000] kvm-clock: Using msrs 4b564d01 ad b564d00
    0.00000] kvm-clock: cpu 0, msr 0:3ffe3001, prmay cpu clock
[    .00000] kvm-clo: using sche offset of 4126133225 cyces
  0.000000 clocksource: kvm-clock: mask: 0xffffffffffffffff max_cycles: 0x1cd42e4dffb, max_idle_ns: 88159059483 ns
[    0.000000] Zone ranges:
[    0.000000]   DMA      [mem 0x0000000000001000-0x0000000000ffffff]
[    0.000000]   DMA32    [mem 0x0000000001000000-0x000000003ffeffff]
[    0.000000]   Normal   empty
[    0.000000]   Device   empty
[   0.00000] Movable zone start for each node
[    0.000000] Earlymeory nod rages
[   0.000000]   node   0: [mem 0x00000000001000-0x000000000009efff]
[    0.000000]   node   0: [mem 0x0000000000100000-0x000000003ffeffff]
[    .00000] Initmem setup node 0 [mem 0x0000000000001000-0x000000003ffeffff][    0.000000] ACPI: PM-Timer IO Port: 0x4008
[    0.000000] IOAPIC[0]: apic_id 2, version 32, address 0xfec00000, GSI 0-23
    0000000] ACPI: IN_SC_OVR bus 0 bus_irq0 global_irq 2 dfl dfl)
[    0.000000] ACPI: INT_SRC_OVR (bus 0 bus_irq 9 global_irq 9 low level)
[   0.000000] Using ACPI (MADT) for SMP configuration information
[    0.000000] smpboot: Allowing 2 CPUs, 0 hotplug CPUs
[    0.000000] PM: Registered nosave memory: [mem 0x00000000-0x00000fff]
[    0.000000] PM: Registered nosave memory: [mem 0x0009f000-0x0009ffff]
[    0.000000] PM: Registered nosave memory: [mem 0x000a0000-0x000effff]
[    0.000000] PM: Registered nosave memory: [mem 0x000f0000-0x000fffff]
[    0.000000] e820: [mem 0x40000000-0xfebfffff] available for PCI devices
[    0.000000] Booting paravirtualized kernel on KVM
[    0.000000] clocksource: refined-jiffie: mak: 0xffffff max_ccles: 0xffffffff, max_ide_ns: 7645519600211568 ns
[   .000000] setu_prcpu: NR_CPUS:512 nr_cpumask_bits:512 nr_cpu_ids:2 nr_node_ids:
    0.0000000] PERCPU: Embedded 34 pages/cpu @ffff88003fc00000 s99480 r8192 d31592 u1048576
[    0.000000] Built 1 zonelists in Node order, moblity grouping on.  Total pages: 257912
[    0.000000] Plicy zoe: DMA32
[    0.000000] Kernel command line: BOOT_IMAGE=/boot/vmlinuz-4.4.0-148-generic root=LABEL=cloudimg-rootfs ro console=tty1 console=ttyS0
[    0.000000] PID hash table entries: 4096 (order: 33, 32768 bytes)
[   .000000]Memoy: 99772K1048120 aailabl (609K krnl code 1334K rwdata, 4028K rodata,1484K init, 1284K bss, 50388K reserved, 0K cma-reserved)
[    0.000000] SLUB: HWalign=64, Order=0-3, MinObjects=0, CPUs=2, Nodes=1
[    0.000000] Kernel/User page tables isolation:nabled
[    0.000000] Hierarchical RCU implementation.
[    0.000000] 	Build-ttime adjustment of leaf fanout to 64.
[    0.000000] 	RCU restricting CPUs from NR_CPUS=12 to nr_cpu_ids=2.
[    0.000000] RCU: Adjusting geometry for rcu_fanout_leaf=64, nr_cpu_ids=2
[    0.000000] NR_IRQS:33024 nr_irqs:440 16
[    0.000000] Console: colour VGA+ 80x25
[    0.000000] console [tty1] enabled
[    0.000000] console [ttyS0] enabled
[    0.000000] tsc: Detected 2394.564 MHz processor
[    2.875382] Calibrating delay loo (skipped) preset value.. 4789.12 BogoMIPS (lpj=9578256)
[    2.901832] pid_max: deault: 32768 minimum: 301
[    2.939522] ACPI: Core revision 20150930
[    2.942449] ACPI: 2 ACPI AML tables successfully acquired and loaded
[    2.944722] Security Framework initialized
[    2.959530] Yama: becoming mindful.
[    2.990579] AppArmor: AppArmor initialized
[    3.007411] Dentry cache hash table entries: 131072 (order: 8, 1048576 bytes)
[    3.015385] Inode-cache hash table entries: 65536 (order: 7, 524288 bytes)
[    3.024532] Mount-cache hash table entries: 2048 (order: 2, 16384 bytes)
[    3.027521] Mountpoint-cache hash table entries: 2048 (order: 2, 16384 bytes)
[    3.043027] Initializing cgroup subsys io
[    3.059469] Initializing cgroup subsys memory
[    3.094089] Initializing cgroup subsys devices
[    3.120109] Initializing cgroup subsys freezer
[    3.131766] Initializing cgroup subsys net_cls
[    3.133821] Initializing cgroup subsys perf_event
[    3.136039] Initializing cgroup subsys net_prio
[    3.138373] Initializing cgroup subsys hugetlb
[    3.140642] Initializing cgroup subsys pids
[    3.143226] mce: CPU supports 0 MCE banks
[    3.145164] Last level iTLB entries: 4KB 512, 2MB 8, 4MB 8
[    3.147634] Last level dTLB entries: 4KB 512, 2MB 32, 4MB 32, 1GB 0
[    3.150404] Spectre V2 : Mitigation: Full generic retpoline
[    3.152569] Spectre V2 : Spectre v2 / SpectreRSB mitigation: Filling RSB on context switch
[    3.166569] Speculative Store Bypass: Vulnerable
[    3.168274] MDS: Vulnerable: Clear CPU buffers attempted, no microcode
[    3.175124] Freeing SMP alternatives memory: 36K
[    3.186044] ftrace: allocating 32293 entries in 127 pages
[    3.290305] smpboot: APIC(0) Converting physical 0 to logical package 0
[    3.302994] smpboot: Max logical packages: 1
[    3.359107] x2apic enabled
[    3.378643] Switched APIC routing to physical x2apic.
[    3.392516] ..TIMER: vector=0x30 apic1=0 pin1=2 apic2=-1 pin2=-1
[    3.522527] smpboot: CPU0: Intel(R) Core(TM) i5-3437U CPU @ 1.90GHz (family: 0x6, model: 0x3a, stepping: 0x9)
[    3.537277] Performance Events: unsupported p6 CPU model 58 no PMU driver, software events only.
[    3.560348] KVM setup paravirtual spinlock
[    3.562944] x86: Booting SMP configuration:
[    3.570785] .... node  #0, CPUs:      #1
[    3.572402] kvm-clock: cpu 1, msr 0:3ffe3041, secondary cpu clock
[    3.623410] mce: CPU supports 0 MCE banks
[    3.638463] x86: Booted up 1 node, 2 CPUs
[    3.640221] smpboot: Total of 2 processors activated (9578.25 BogoMIPS)
[    3.648925] devtmpfs: initialized
[    3.653257] evm: security.selinux
[    3.660730] evm: security.SMACK64
[    3.661964] evm: security.SMACK64EXEC
[    3.663321] evm: security.SMACK64TRANSMUTE
[    3.675726] evm: security.SMACK64MMAP
[    3.700780] evm: security.ima
[    3.727500] evm: security.capability
[    3.751516] clocksource: jiffies: mask: 0xffffffff max_cycles: 0xffffffff, max_idle_ns: 7645041785100000 ns
[    3.792154] futex hash table entries: 512 (order: 3, 32768 bytes)
[    3.803514] pinctrl core: initialized pinctrl subsystem
[    3.805513] RTC time:  6:45:19, date: 06/03/19
[    3.817485] NET: Registered protocol family 16
[    3.835034] cpuidle: using governor ladder
[    3.847036] cpuidle: using governor menu
[    3.858616] PCCT header not found.
[    3.866504] ACPI: bus type PCI registered
[    3.874413] acpiphp: ACPI Hot Plug PCI Controller Driver version: 0.5
[    3.886051] PCI: Using configuration type 1 for base access
[    3.931128] ACPI: Added _OSI(Module Device)
[    3.934073] ACPI: Added _OSI(Processor Device)
[    3.936866] ACPI: Added _OSI(3.0 _SCP Extensions)
[    3.955627] ACPI: Added _OSI(Processor Aggregator Device)
[    3.960277] ACPI: Executed 1 blocks of module-level executable AML code
[    3.971548] ACPI: Interpreter enabled
[    3.983900] ACPI: (supports S0 S5)
[    3.986269] ACPI: Using IOAPIC for interrupt routing
[    3.994977] PCI: Using host bridge windows from ACPI; if necessary, use "pci=nocrs" and report a bug
[    4.007271] ACPI: PCI Root Bridge [PCI0] (domain 0000 [bus 00-ff])
[    4.009701] acpi PNP0A03:00: _OSC: OS supports [ASPM ClockPM Segments MSI]
[    4.012113] acpi PNP0A03:00: _OSC: not requesting OS control; OS requires [ExtendedConfig ASPM ClockPM MSI]
[    4.016137] acpi PNP0A03:00: fail to add MMCONFIG information, can't access extended PCI configuration space under this bridge.
[    4.020673] PCI host bridge to bus 0000:00
[    4.022140] pci_bus 0000:00: root bus resource [io  0x0000-0x0cf7 window]
[    4.024262] pci_bus 0000:00: root bus resource [io  0x0d00-0xffff window]
[    4.032236] pci_bus 0000:00: root bus resource [mem 0x000a0000-0x000bffff window]
[    4.034874] pci_bus 0000:00: root bus resource [mem 0x40000000-0xfdffffff window]
[    4.037487] pci_bus 0000:00: root bus resource [bus 00-ff]
[    4.043169] pci 0000:00:01.1: legacy IDE quirk: reg 0x10: [io  0x01f0-0x01f7]
[    4.045494] pci 0000:00:01.1: legacy IDE quirk: reg 0x14: [io  0x03f6]
[    4.047542] pci 0000:00:01.1: legacy IDE quirk: reg 0x18: [io  0x0170-0x0177]
[    4.055992] pci 0000:00:01.1: legacy IDE quirk: reg 0x1c: [io  0x0376]
[    4.085810] pci 0000:00:07.0: quirk: [io  0x4000-0x403f] claimed by PIIX4 ACPI
[    4.108071] pci 0000:00:07.0: quirk: [io  0x4100-0x410f] claimed by PIIX4 SMB
[    4.144568] ACPI: PCI Interrupt Link [LNKA] (IRQs 5 9 10 *11)
[    4.171721] ACPI: PCI Interrupt Link [LNKB] (IRQs 5 9 *10 11)
[    4.213705] ACPI: PCI Interrupt Link [LNKC] (IRQs 5 *9 10 11)
[    4.241238] ACPI: PCI Interrupt Link [LNKD] (IRQs 5 9 10 *11)
[    4.275385] ACPI: Enabled 2 GPEs in block 00 to 07
[    4.301337] vgaarb: setting as boot device: PCI:0000:00:02.0
[    4.339249] vgaarb: device added: PCI:0000:00:02.0,decodes=io+mem,owns=io+mem,locks=none
[    4.384311] vgaarb: loaded
[    4.400326] vgaarb: bridge control possible 0000:00:02.0
[    4.431643] SCSI subsystem initialized
[    4.455452] ACPI: bus type USB registered
[    4.493314] usbcore: registered new interface driver usbfs
[    4.501406] usbcore: registered new interface driver hub
[    4.514383] usbcore: registered new device driver usb
[    4.533739] PCI: Using ACPI for IRQ routing
[    4.535996] NetLabel: Initializing
[    4.537275] NetLabel:  domain hash size = 128
[    4.540258] NetLabel:  protocols = UNLABELED CIPSOv4
[    4.546382] NetLabel:  unlabeled traffic allowed by default
[    4.559259] amd_nb: Cannot enumerate AMD northbridges
[    4.567976] clocksource: Switched to clocksource kvm-clock
[    4.587044] AppArmor: AppAror Filesystem Enabled
[    4.623101] pnp: PnP ACPI init
[    4.625777] pnp: PnP ACPI: found3 evices

[   4.707100] clocksource: acpi_pm: mask: 0xffffff max_cycles: 0xffff, ax_idle_ns: 2085701024 ns
[    4.865867] NET: Registered protocol family 2
[    4.6796] TCP established hash table entries: 8192 (order: 4, 65536 bytes)
[  4.938240] TCP bind hash table entres: 8192 (order: 5, 131072 bytes)
[   5.057618] TCP: Hash tables configured (established 8192 bind 8192)
[    5.105423] UDP hash table entries: 512 (order: 2, 16384 bytes)
[    5.107596] UDP-Lite hash table entries: 512 (order: 2, 16384 bytes
[   .112] ET Rgisteed potco fil 1[    743688] pci 0000000.0:Limitig irctPC/PCI transfers
[    6.166111] pci 0000:00:01.0: Activating ISA DMA hang workarounds
[    6.168357] Unpacking initramfs...

[    7.027747] Freeing initrd memory: 14828K
[    7.051713] RAPL PMU detected, API unit is 2^-32 Joules, 3 fixed counters 10737418240 ms ovfl timer
[    7.077520] hw unit of domain pp0-core 2^-0 Joules
[    7.080498] hw unit of domain package 2^-0 Joules
[    7.102116] hw unit of domain pp1-gpu 2^-0 Joules
[    7.105939] clocksource: tsc: mask: 0xffffffffffffffff max_cycles: 0x2284284d7d9, max_idle_ns: 440795247978 ns
[    7.119777] platform rtc_cmos: registered platform RTC device (no PNP device found)
[    7.131743] Scanning for low memory corruption every 60 seconds
[    7.141526] audit: initializing netlink subsys (disabled)
[    7.143397] audit: type=2000 audit(1559544325.013:1): initialized
[    7.145880] Initialise system trusted keyring
[    7.147784] HugeTLB registered 2 MB page size, pre-allocated 0 pages
[    7.152942] zbud: loaded
[    7.154767] VFS: Disk quotas dquot_6.6.0
[    7.156429] VFS: Dquot-cache hash table entries: 512 (order 0, 4096 bytes)
[    7.159442] squashfs: version 4.0 (2009/01/31) Phillip Lougher
[    7.171724] fuse init (API version 7.23)
[    7.183802] Key type big_key registered
[    7.186747] Allocating IMA MOK and blacklist keyrings.
[    7.200010] Key type asymmetric registered
[    7.207974] Asymmetric key parser 'x509' registered
[    7.209876] Block layer SCSI generic (bsg) driver version 0.4 loaded (major 249)
[    7.212764] io scheduler noop registered
[    7.214186] io scheduler deadline registered (default)
[    7.216007] io scheduler cfq registered
[    7.217600] pci_hotplug: PCI Hot Plug PCI Core version: 0.5
[    7.219532] pciehp: PCI Express Hot Plug Controller Driver version: 0.4
[    7.222021] ACPI: AC Adapter [AC] (off-line)
[    7.223578] input: Power Button as /devices/LNXSYSTM:00/LNXPWRBN:00/input/input0
[    7.232175] ACPI: Power Button [PWRF]
[    7.233654] input: Sleep Button as /devices/LNXSYSTM:00/LNXSLPBN:00/input/input1
[    7.236210] ACPI: Sleep Button [SLPF]
[    7.239103] ACPI: Battery Slot [BAT0] (battery present)
[    7.241174] GHES: HEST is not enabled!
[    7.250936] Serial: 8250/16550 driver, 32 ports, IRQ sharing enabled
[    7.280617] 00:02: ttyS0 at I/O 0x3f8 (irq = 4, base_baud = 115200) is a 16550A
[    7.294928] Linux agpgart interface v0.103
[    7.301389] loop: module loaded
[    7.305292] scsi host0: ata_piix
[    7.308899] scsi host1: ata_piix
[    7.313165] ata1: PATA max UDMA/33 cmd 0x1f0 ctl 0x3f6 bmdma 0xd000 irq 14
[    7.316276] ata2: PATA max UDMA/33 cmd 0x170 ctl 0x376 bmdma 0xd008 irq 15
[    7.319573] libphy: Fixed MDIO Bus: probed
[    7.322637] tun: Universal TUN/TAP device driver, 1.6
[    7.326390] tun: (C) 1999-2004 Max Krasnyansky <maxk@qualcomm.com>
[    7.328960] PPP generic driver version 2.4.2
[    7.331293] ehci_hcd: USB 2.0 'Enhanced' Host Controller (EHCI) Driver
[    7.333929] ehci-pci: EHCI PCI platform driver
[    7.335977] ehci-platform: EHCI generic platform driver
[    7.338383] ohci_hcd: USB 1.1 'Open' Host Controller (OHCI) Driver
[    7.346954] ohci-pci: OHCI PCI platform driver
[    7.349061] ohci-platform: OHCI generic platform driver
[    7.363730] uhci_hcd: USB Universal Host Controller Interface driver
[    7.366715] i8042: PNP: PS/2 Controller [PNP0303:PS2K,PNP0f03:PS2M] at 0x60,0x64 irq 1,12
[    7.371399] serio: i8042 KBD port at 0x60,0x64 irq 1
[    7.373719] serio: i8042 AUX port at 0x60,0x64 irq 12
[    7.376287] mousedev: PS/2 mouse device common for all mice
[    7.380313] input: AT Translated Set 2 keyboard as /devices/platform/i8042/serio0/input/input2
[    7.385234] rtc_cmos rtc_cmos: rtc core: registered rtc_cmos as rtc0
[    7.388050] rtc_cmos rtc_cmos: alarms up to one day, 114 bytes nvram
[    7.390073] i2c /dev entries driver
[    7.391459] device-mapper: uevent: version 1.0.3
[    7.393302] device-mapper: ioctl: 4.34.0-ioctl (2015-10-28) initialised: dm-devel@redhat.com
[    7.397042] ledtrig-cpu: registered to indicate activity on CPUs
[    7.400276] NET: Registered protocol family 10
[    7.402125] NET: Registered protocol family 17
[    7.403661] Key type dns_resolver registered
[    7.405805] registered taskstats version 1
[    7.407292] Loading compiled-in X.509 certificates
[    7.410140] Loaded X.509 cert 'Build time autogenerated kernel key: 5103689f9da3e841c6100f8bb032b132cf76e38d'
[    7.414917] zswap: loaded using pool lzo/zbud
[    7.420673] Key type trusted registered
[    7.428342] Key type encrypted registered
[    7.441345] AppArmor: AppArmor sha1 policy hashing enabled
[    7.468716] ima: No TPM chip found, activating TPM-bypass!
[    7.497776] ima: Allocated hash algorithm: sha1
[    7.499698] evm: HMAC attrs: 1
[    .613420]   Magic number: 7:95:771

[    7.651425] rtc_cmos rtc_cmos: setting system clock to 2019-06-03 06:45:23 UTC (1559544323)
[    7.654541] BIOS EDD facility v0.16 200Jun-2,  dvies found

[    7.899025] EDD information not available.
[    7.915049] Freeing unused kernel memory: 1484K
[    8.140601] Write protecting the kernel read-only data: 14336k
[    8.175362] Freeing unused kernel memory: 1620K
[    8.202019] Freeing unused kernel memory: 68K
Loading, please wait...
[    8.255109] random: systemd-udevd: uninitialized urandom read (16 bytes read, 3 bits of entropy available)
starting version 229
[    8.256175] random: udevadm: uninitialized urandom read (16 bytes read, 3 bits of entropy available)
[    8.256205] random: udevadm: uninitialized urandom read (16 bytes read, 3 bits of entropy available)
[    8.271310] random: udevadm: uninitialized urandom read (16 bytes read, 3 bits of entropy available)
[    8.271377] random: udevadm: uninitialized urandom read (16 bytes read, 3 bits of entropy available)
[    8.271649] random: udevadm: uninitialized urandom read (16 bytes read, 3 bits of entropy available)
[    8.271768] random: udevadm: uninitialized urandom read (16 bytes read, 3 bits of entropy available)
[    8.271852] random: udevadm: uninitialized urandom read (16 bytes read, 3 bits of entropy available)
[    8.271935] random: udevadm: uninitialized urandom read (16 bytes read, 3 bits of entropy available)
[    8.272108] random: udevadm: uninitialized urandom read (16 bytes read, 3 bits of entropy available)
[    8.492555] Fusion MPT base driver 3.04.20
[    8.494694] Copyright (c) 1999-2008 LSI Corporation
[    8.497651] e1000: Intel(R) PRO/1000 Network Driver - version 7.3.21-k8-NAPI
[    8.513440] e1000: Copyright (c) 1999-2006 Intel Corporation.
[    8.559049] AVX version of gcm_enc/dec engaged.
[    8.560949] AES CTR mode by8 optimization enabled
[    8.579664] Fusion MPT SPI Host driver 3.04.20
[    8.755376] input: ImExPS/2 Generic Explorer Mouse as /devices/platform/i8042/serio1/input/input4
[    9.150718] e1000 0000:00:03.0 eth0: (PCI:33MHz:32-bit) 02:11:c2:af:aa:45
[    9.584697] e1000 0000:00:03.0 eth0: Intel(R) PRO/1000 Network Connection
[    9.604524] mptbase: ioc0: Initiating bringup
[    9.604747] e1000 0000:00:03.0 enp0s3: renamed from eth0
[    9.672797] ioc0: LSI53C1030 A0: Capabilities={Initiator}
[    9.880903] scsi host2: ioc0: LSI53C1030 A0, FwRev=00000000h, Ports=1, MaxQ=256, IRQ=20
[   10.008957] scsi 2:0:0:0: Direct-Access     VBOX     HARDDISK         1.0  PQ: 0 ANSI: 5
[   10.022270] scsi target2:0:0: Beginning Domain Validation
[   10.033316] scsi target2:0:0: Domain Validation skipping write tests
[   10.035382] scsi target2:0:0: Ending Domain Validation
[   10.044649] scsi target2:0:0: asynchronous
[   10.062034] scsi 2:0:1:0: Direct-Access     VBOX     HARDDISK         1.0  PQ: 0 ANSI: 5
[   10.098617] scsi target2:0:1: Beginning Domain Validation
[   10.128737] scsi target2:0:1: Domain Validation skipping write tests
[   10.143643] scsi target2:0:1: Ending Domain Validation
[   10.168731] scsi target2:0:1: asynchronous
[   10.230847] sd 2:0:0:0: Attached scsi generic sg0 type 0
[   10.233019] sd 2:0:0:0: [sda] 20971520 512-byte logical blocks: (10.7 GB/10.0 GiB)
[   10.269619] sd 2:0:0:0: [sda] Write Protect is off
[   10.271381] sd 2:0:1:0: [sdb] 20480 512-byte logical blocks: (10.5 MB/10.0 MiB)
[   10.271642] sd 2:0:1:0: [sdb] Write Protect is off
[   10.271804] sd 2:0:1:0: [sdb] Incomplete mode parameter data
[   10.271806] sd 2:0:1:0: [sdb] Assuming drive cache: write through
[   10.316602] sd 2:0:1:0: Attached scsi generic sg1 type 0
[   10.325948] sd 2:0:1:0: [sdb] Attached SCSI disk
[   10.412729] sd 2:0:0:0: [sda] Incomplete mode parameter data
[   10.414957] sd 2:0:0:0: [sda] Assuming drive cache: write through
[   10.552369]  sda: sda1
[   10.598826] sd 2:0:0:0: [sda] Attached SCSI disk
Begin: Loading essential drivers[   12.336210] md: linear personality registered for level -1
 ... [   12.387464] md: multipath personality registered for level -4
[   12.410015] md: raid0 personality registered for level 0
[   12.419816] md: raid1 personality registered for level 1
[   12.496099] raid6: sse2x1   gen()  4565 MB/s
[   12.576123] raid6: sse2x1   xor()  3777 MB/s
[   12.644094] raid6: sse2x2   gen()  5933 MB/s
[   12.712134] raid6: sse2x2   xor()  4272 MB/s
[   12.804110] raid6: sse2x4   gen()  6863 MB/s
[   12.908100] raid6: sse2x4   xor()  5207 MB/s
[   12.918721] raid6: using algorithm sse2x4 gen() 6863 MB/s
[   12.921703] raid6: .... xor() 5207 MB/s, rmw enabled
[   12.923754] raid6: using ssse3x2 recovery algorithm
[   12.928951] xor: automatically using best checksumming function:
[   12.988135]    avx       : 11701.000 MB/sec
[   12.992136] async_tx: api initialized (async)
[   13.028274] md: raid6 personality registered for level 6
[   13.030112] md: raid5 personality registered for level 5
[   13.044957] md: raid4 personality registered for level 4
[   13.059597] md: raid10 personality registered for level 10
done.
Begin: Running /scripts/init-premount ... done.
Begin: Mounting root file system ... Begin: Running /scripts/local-top ... done.
Begin: Running /scripts/local-premount ... [   13.112352] Btrfs loaded
Scanning for Btrfs filesystems
done.
Warning: fsck no[   13.157901] EXT4-fs (sda1): mounted filesystem with ordered data mode. Opts: (null)
t present, so skipping root file system
done.
Begin: Running /scripts/local-bottom ... done.
Begin: Running /scripts/init-bottom ... done.
[   13.457218] systemd[1]: systemd 229 running in system mode. (+PAM +AUDIT +SELINUX +IMA +APPARMOR +SMACK +SYSVINIT +UTMP +LIBCRYPTSETUP +GCRYPT +GNUTLS +ACL +XZ -LZ4 +SECCOMP +BLKID +ELFUTILS +KMOD -IDN)
[   13.507472] systemd[1]: Detected virtualization oracle.
[   13.520099] systemd[1]: Detected architecture x86-64.

Welcome to [1mUbuntu 16.04.6 LTS[0m!

[   13.582283] systemd[1]: Set hostname to <ubuntu>.
[   13.607394] systemd[1]: Initializing machine ID from random generator.
[   13.639490] systemd[1]: Installed transient /etc/machine-id file.
[   13.908038] systemd[1]: Listening on Syslog Socket.
[[0;32m  OK  [0m] Listening on Syslog Socket.
[   13.948882] systemd[1]: Listening on LVM2 poll daemon socket.
[[0;32m  OK  [0m] Listening on LVM2 poll daemon socket.
[   14.029061] systemd[1]: Created slice User and Session Slice.
[[0;32m  OK  [0m] Created slice User and Session Slice.
[   14.069121] systemd[1]: Reached target System Time Synchronized.
[[0;32m  OK  [0m] Reached target System Time Synchronized.
[   14.107849] systemd[1]: Listening on udev Kernel Socket.
[[0;32m  OK  [0m] Listening on udev Kernel Socket.
[   14.129869] systemd[1]: Listening on Journal Audit Socket.
[[0;32m  OK  [0m] Listening on Journal Audit Socket.
[   14.138925] systemd[1]: Listening on Journal Socket (/dev/log).
[[0;32m  OK  [0m] Listening on Journal Socket (/dev/log).
[   14.172639] systemd[1]: Reached target User and Group Name Lookups.
[[0;32m  OK  [0m] Reached target User and Group Name Lookups.
[   14.181695] systemd[1]: Created slice System Slice.
[[0;32m  OK  [0m] Created slice System Slice.
[   14.186111] systemd[1]: Listening on Journal Socket.
[[0;32m  OK  [0m] Listening on Journal Socket.
[   14.216600] systemd[1]: Starting Set console keymap...
         Starting Set console keymap...
[   14.277559] systemd[1]: Starting Nameserver information manager...
         Starting Nameserver information manager...
[   14.283216] systemd[1]: Starting Create list of required static device nodes for the current kernel...
         Starting Create list of required st... nodes for the current kernel...
[   14.311772] systemd[1]: Mounting Huge Pages File System...
         Mounting Huge Pages File System...
[   14.392732] systemd[1]: Starting Load Kernel Modules...
         Starting Load Kernel Modules...
[   14.419204] systemd[1]: Listening on udev Control Socket.
[[0;32m  OK  [0[   14.436838] random: nonblocking pool is initialized
m] Listening on udev Control Socket.
[   14.472652] systemd[1]: Reached target Slices.
[[0;32m  OK  [0[   14.478543] Loading iSCSI transport class v2.0-870.
m] Reached target Slices.
[   14.519812] iscsi: registered transport (tcp)
[   14.546867] systemd[1]: Listening on Device-mapper event daemon FIFOs.
[[0;32m  OK  [0m] Listening on Device-mapper event daemon FIFOs.
[   14.624794] systemd[1]: Started Forward Password Requests to Wall Directory Watch.
[   14.629027] iscsi rgiteedtrnsport (ser
[[0;32m  OK  [0m] Started Forward Password Requests to Wall Directory Watch.
[   14.992736] systemd[1]: Starting Uncomplicated firewall...
         Starting Uncomplicated firewall...
[   15.096684] systemd[1]: Mounting Debug File System...
         Mounting Debug File System...
[   15.141079] systemd[1]: Mounting POSIX Message Queue File System...
         Mounting POSIX Message Queue File System...
[   15.176753] systemd[1]: Reached target Swap.
[[0;32m  OK  [0m] Reached target Swap.
[   15.194197] systemd[1]: Reached target Encrypted Volumes.
[[0;32m  OK  [0m] Reached target Encrypted Volumes.
[   15.210054] systemd[1]: Listening on LVM2 metadata daemon socket.
[[0;32m  OK  [0m] Listening on LVM2 metadata daemon socket.
[   15.248996] systemd[1]: Starting Monitoring of LVM2 mirrors, snapshots etc. using dmeventd or progress polling...
         Starting Monitoring of LVM2 mirrors... dmeventd or progress polling...
[   15.307803] systemd[1]: Started Trigger resolvconf update for networkd DNS.
[[0;32m  OK  [0m] Started Trigger resolvconf update for networkd DNS.
[   15.320517] systemd[1]: Listening on /dev/initctl Compatibility Named Pipe.
[[0;32m  OK  [0m] Listening on /dev/initctl Compatibility Named Pipe.
[   15.357663] systemd[1]: Created slice system-serial\x2dgetty.slice.
[[0;32m  OK  [0m] Created slice system-serial\x2dgetty.slice.
[   15.444992] systemd[1]: Starting Remount Root and Kernel File Systems...
[   15.463483] EXT4-fs (sda1): re-mounted. Opts: (null)
         Starting Remount Root and Kernel File Systems...
[   15.549546] systemd[1]: Set up automount Arbitrary Executable File Formats File System Automount Point.
[[0;32m  OK  [0m] Set up automount Arbitrary Executab...ats File System Automount Point.
[   15.672735] systemd[1]: Starting Journal Service...
         Starting Journal Service...
[   15.695702] systemd[1]: Mounted Debug File System.
[[0;32m  OK  [0m] Mounted Debug File System.
[   15.753131] systemd[1]: Mounted POSIX Message Queue File System.
[[0;32m  OK  [0m] Mounted POSIX Message Queue File System.
[   15.845356] systemd[1]: Mounted Huge Pages File System.
[[0;32m  OK  [0m] Mounted Huge Pages File System.
[   15.917634] systemd[1]: Started Journal Service.
[[0;32m  OK  [0m] Started Journal Service.
[[0;32m  OK  [0m] Started Set console keymap.
[[0;32m  OK  [0m] Started Create list of required sta...ce nodes for the current kernel.
[[0;32m  OK  [0m] Started Load Kernel Modules.
[[0;32m  OK  [0m] Started Uncomplicated firewall.
[[0;32m  OK  [0m] Started Remount Root and Kernel File Systems.
[[0;32m  OK  [0m] Started Nameserver information manager.
[[0;32m  OK  [0m] Started LVM2 metadata daemon.
         Starting Load/Save Random Seed...
         Starting udev Coldplug all Devices...
         Mounting FUSE Control File System...
         Starting Apply Kernel Variables...
         Starting Create Static Device Nodes in /dev...
         Starting Flush Journal to Persistent Storage...
[[0;32m  OK  [0m] Mounted FUSE Control File System.
[[0;32m  OK  [0m] Started Load/Save Random Seed.
[[0;32m  OK  [0m] Started Apply Kernel Variables.
[[0;32m  OK  [0m] Started Create Static Device Nodes in /dev.
[[0;32m  OK  [0m] Started Monitoring of LVM2 mirrors,...ng dmeventd or progress polling.
[[0;32m  OK  [0m] Started udev Coldplug all Devices.
[[0;32m  OK  [0m] Started Flush Journal to Persistent Storage.
         Starting udev Kernel Device Manager...
[[0;32m  OK  [0m] Reached target Local File Systems (Pre).
[[0;32m  OK  [0m] Reached target Local File Systems.
         Starting Tell Plymouth To Write Out Runtime Data...
         Starting Set console font and keymap...
         Starting Commit a transient machine-id on disk...
         Starting LSB: AppArmor initialization...
         Starting Create Volatile Files and Directories...
         Starting Initial cloud-init job (pre-networking)...
[[0;32m  OK  [0m] Started udev Kernel Device Manager.
[[0;32m  OK  [0m] Started Tell Plymouth To Write Out Runtime Data.
[[0;32m  OK  [0m] Started Commit a transient machine-id on disk.
[[0;32m  OK  [0m] Started Create Volatile Files and Directories.
         Starting Update UTMP about System Boot/Shutdown...
[[0;32m  OK  [0m] Started Dispatch Password Requests to Console Directory Watch.
[[0;32m  OK  [0m] Started Update UTMP about System Boot/Shutdown.
[[0;32m  OK  [0m] Found device /dev/ttyS0.
[[0;32m  OK  [0m] Listening on Load/Save RF Kill Switch Status /dev/rfkill Watch.
[   15.544573] cloud-init[507]: Cloud-init v. 18.5-45-g3554ffe8-0ubuntu1~16.04.1 running 'init-local' at Mon, 03 Jun 2019 06:45:34 +0000. Up 14.56 seconds.
[[0;32m  OK  [0m] Started LSB: AppArmor initialization.
[[0;32m  OK  [0m] Started Initial cloud-init job (pre-networking).
[[0;32m  OK  [0m] Reached target Network (Pre).
         Starting Raise network interfaces...
[[0;32m  OK  [0m] Started Set console font and keymap.
[[0;32m  OK  [0m] Created slice system-getty.slice.
[[0;32m  OK  [0m] Started Raise network interfaces.
[[0;32m  OK  [0m] Reached target Network.
         Starting Initial cloud-init job (metadata service crawler)...
[   18.471211] cloud-init[941]: Cloud-init v. 18.5-45-g3554ffe8-0ubuntu1~16.04.1 running 'init' at Mon, 03 Jun 2019 06:45:36 +0000. Up 17.15 seconds.
[   18.475626] cloud-init[941]: ci-info: ++++++++++++++++++++++++++++++++++++++Net device info++++++++++++++++++++++++++++++++++++++
[   18.485073] cloud-init[941]: ci-info: +--------+------+----------------------------+---------------+--------+-------------------+
[   18.489504] cloud-init[941]: ci-info: | Device |  Up  |          Address           |      Mask     | Scope  |     Hw-Address    |
[   18.498198] cloud-init[941]: ci-info: +--------+------+----------------------------+---------------+--------+-------------------+
[   18.513646] cloud-init[941]: ci-info: | enp0s3 | True |         10.0.2.15          | 255.255.255.0 | global | 02:11:c2:af:aa:45 |
[   18.517758] cloud-init[941]: ci-info: | enp0s3 | True | fe80::11:c2ff:feaf:aa45/64 |       .       |  link  | 02:11:c2:af:aa:45 |
[   18.529945] cloud-init[941]: ci-info: |   lo   | True |         127.0.0.1          |   255.0.0.0   |  host  |         .         |
[   18.542221] cloud-init[941]: ci-info: |   lo   | True |          ::1/128           |       .       |  host  |         .         |
[[0;32m  OK  [0m] Started Initial cloud-init job (metadata service crawler).
[   18.601749] cloud-init[941]: ci-info: +--------+------+----------------------------+---------------+--------+-------------------+
[   18.681715] cloud-init[941]: ci-info: +++++++++++++++++++++++++++Route IPv4 info++++++++++++++++++++++++++++
[   18.777764] cloud-init[941]: ci-info: +-------+-------------+----------+---------------+-----------+-------+
[[0;32m  OK  [0m[   18.921145] cloud-init[941]: ci-info: | Route | Destination | Gateway  |    Genmask    | Interface | Flags |
[   18.921352] cloud-init[941]: ci-info: +-------+-------------+----------+---------------+-----------+-------+
[   18.921638] cloud-init[941]: ci-info: |   0   |   0.0.0.0   | 10.0.2.2 |    0.0.0.0    |   enp0s3  |   UG  |
[   18.921810] cloud-init[941]: ci-info: |   1   |   10.0.2.0  | 0.0.0.0  | 255.255.255.0 |   enp0s3  |   U   |
[   18.922060] cloud-init[941]: ci-info: +-------+-------------+----------+---------------+-----------+-------+
[   18.922222] cloud-init[941]: ci-info: +++++++++++++++++++Route IPv6 info+++++++++++++++++++
[   18.922433] cloud-init[941]: ci-info: +-------+-------------+---------+-----------+-------+
[   18.922599] cloud-init[941]: ci-info: | Route | Destination | Gateway | Interface | Flags |
[   18.922752] cloud-init[941]: ci-info: +-------+-------------+---------+-----------+-------+
[   18.922973] cloud-init[941]: ci-info: |   0   |  fe80::/64  |    ::   |   enp0s3  |   U   |
[   18.923132] cloud-init[941]: ci-info: |   3   |   ff00::/8  |    ::   |   enp0s3  |   U   |
[   18.923285] cloud-init[941]: ci-info: +-------+-------------+---------+-----------+-------+
] Reached target Cloud-config availability.
[   18.924916] cloud-init[941]: Generating public/private rsa key pair.
[[0;32m  OK  [0m[   19.545174] cloud-init[941]: Your identification has been saved in /etc/ssh/ssh_host_rsa_key.
[   19.549115] cloud-init[941]: Your public key has been saved in /etc/ssh/ssh_host_rsa_key.pub.
[   19.549328] cloud-init[941]: The key fingerprint is:
[   19.550829] cloud-init[941]: SHA256:aJtqty95iIXj9dmkhn2UKSJxQW9uN475DQnqtrgTuUQ root@ubuntu-xenial
[   19.551087] cloud-init[941]: The key's randomart image is:
[   19.551254] cloud-init[941]: +---[RSA 2048]----+
[   19.551467] cloud-init[941]: |     ..          |
[   19.551640] cloud-init[941]: |      ..         |
[   19.551796] cloud-init[941]: |       .o        |
[   19.552047] cloud-init[941]: |    E .+         |
[   19.552260] cloud-init[941]: |   . =o S oo     |
] Reached target Network is Online.
[   19.552677] cloud-init[941]: |    B.+=.*=o     |
[   19.829845] cloud-init[941]: |   o O+BoB+      |
         Starting iSCSI initiator daemon (iscsid)...
[[0;32m  OK  [0m] Reached target System Initialization.
[   19.834172] cloud-init[941]: |    *+B B.oo     |
         Starting Socket activation for snappy daemon.
[   19.938873] cloud-init[941]: |   .+=+B... .    |
[[   20.004448] cloud-init[941]: +----[SHA256]-----+
[   20.006079] cloud-init[941]: Generating public/private dsa key pair.
[   20.006332] cloud-init[941]: Your identification has been saved in /etc/ssh/ssh_host_dsa_key.
[   20.006679] cloud-init[941]: Your public key has been saved in /etc/ssh/ssh_host_dsa_key.pub.
[   20.006923] cloud-init[941]: The key fingerprint is:
[   20.007290] cloud-init[941]: SHA256:QYnvShidKxwwGhgo5w8IbrYsB3M4IkceTrUAoku+DWw root@ubuntu-xenial
[   20.007597] cloud-init[941]: The key's randomart image is:
[   20.007834] cloud-init[941]: +---[DSA 1024]----+
[0;32m  OK  [0m] Started ACPI Events Check.
[   20.008605] cloud-init[941]: |*o...  ...       |
[[0;32m  OK  [0m] [   20.428741] cloud-init[941]: Reached target Paths.
[|O B. ....        |
[   20.438371] cloud-init[941]: [0;32m  OK  [0m|=& +.. o.        |
[   20.449634] cloud-init[941]: |&=B o o ..       |
[   20.450717] cloud-init[941]: |BE.+ + oS        |
[   20.450895] cloud-init[941]: |oo= = o .        |
] Listening on D-Bus System Message Bus Socket.
[[0;32m  OK  [0m[   20.457590] cloud-init[941]: |.o . o .         |
[   20.562336] cloud-init] Started Daily apt download activities.[941]: |      .          |
[[0;32m  OK  [0m] 
[   20.576803] cloud-init[941]: |                 |
[   20.580584] cloud-init[941]: +----[SHA256]-----+
[   20.583395] Listening on UUID daemon activation socket.
[[0;32m  OK  [0m] Started Daily apt upgrade and clean activities.
[[0;32m  OK  [0m] Listening on ACPID Listen Socket.
[[0;32m  OK  [0m] Started Daily Cleanup of Temporary Directories.
[[0;32m  OK  [0m] Reached target Timers.
cloud-init[941]: Generating public/private ecdsa key pair.
[   20.623675] cloud-init[941]: Your identification has been saved in /etc/ssh/ssh_host_ecdsa_key.
         Starting LXD - unix socket.
[   20.635429] cloud-init[941]: Your public key has been saved in /etc/ssh/ssh_host_ecdsa_key.pub.
[   20.640850] cloud-init[941]: The key fingerprint is:
[   20.655491] [[0;32m  OK  [0m] Listening on Socket activation for snappy daemon.
[[0;32m  OK  [0m] Listening on LXD - unix socket.
cloud-init[941]: SHA256:riG8G/dLNNiJkVbcikHdSxTLao95M6pP9d5ZEdyOHxc root@ubuntu-xenial
[   20.663079] cloud-init[941]: The key's randomart image is:
[   20.701361] cloud-init[941]: +---[ECDSA 256]---+
[   20.737720] cloud-init[941]: |     ..o.+o.     |
[[0;32m  OK  [0m] Started iSCSI initiator daemon (iscsid).
[   20.791813] cloud-init[941]: |      .oo.+.  . .|
[   20.818723] cloud-init[941]: |      +o oo.   E.|
[   20.830278] cloud-init[941]: |     ..=.o.    oo|
[   20.837030] cloud-init[941]: |      o S .   .oo|
[   20.861567]          Starting Login to default iSCSI targets...
[[0;32m  OK  [0m] Reached target Sockets.
[[0;32m  OK  [0m] Reached target Basic System.
[[0;32m  OK  [0m] Started FUSE filesystem for LXC.
cloud-init[941]: |   .   + * .   .+|
[   20.888429] [[0;32m  OK  [0m] Started ACPI event daemon.
cloud-init[941]: |    + o * = .   o|
[   20.924359] cloud-init[941]: |     = * o + . o |
[   20.926355] cloud-init[941]: |    o.oo=.  . o  |
[   20.926565] cloud-init[941]: +----[SHA256]-----+
[   20.926815] cloud-init[941]: Generating public/private ed25519 key pair.
[   20.927005] cloud-init[941]: Your identification has been saved in /etc/ssh/ssh_host_ed25519_key.
[[0;32m  OK  [0m] Started Regular background program processing daemon.
[   20.927281] cloud-init[941]: Your public key has been saved in /etc/ssh/ssh_host_ed25519_key.pub.
         Starting Virtualbox guest utils...
[   21.143163] cloud-init[941]: The key fingerprint is:
[   21.201474]          Starting Login Service...
cloud-init[941]: SHA256:efpn0SlmzNNkiyHS7V2I9+LnQwpX/TJC5HDpFKmDHmk root@ubuntu-xenial
         Starting Accounts Service...
[   21.232986] [[0;32m  OK  [0m] Started Unattended Upgrades Shutdown.
cloud-init[941]: The key's randomart image is:
[   21.275832] [cloud-init[0;32m  OK  [0m[941]: ] +--[ED25519 256]--+Started D-Bus System Message Bus.

[   21.278242] cloud-init[941]: |            .+   |
[   21.331515] cloud-init[941]: |          . *    |
[   21.360567] cloud-init[941]: |         + X . ..|
[   21.361829] cloud-init[941]: |        E.= B =.o|
         Starting /etc/rc.local Compatibility...
[   21.361939] cloud-init[941]: |       oSo.B X.=.|
[   21.484263] cloud-init[941]: |        .o .%.X.o|
         Starting System Logging Service...
[   21.486409] cloud-init[941]: |        .  oo*o+ |
         Starting LSB: MD monitoring daemon...
[   21.568034] cloud-init[941]: |         .  o....|
[   21.598873] cloud-init[941]: |          .o   oo|
[   21.607937]          Starting Snappy daemon...
cloud-init[[0;32m  OK  [0m] Started Deferred execution scheduler.
         Starting LSB: Record successful boot for GRUB...
[941]: +----[SHA256]-----+
         Starting Pollinate to seed the pseudo random number generator...
         Starting LXD - container startup/shutdown...
[[0;32m  OK  [0m] Started System Logging Service.
[[0;32m  OK  [0m] Started /etc/rc.local Compatibility.
[[0;32m  OK  [0m] Started Login to default iSCSI targets.
[[0;32m  OK  [0m] Started LSB: MD monitoring daemon.
[[0;32m  OK  [0m] Started LSB: Record successful boot for GRUB.
[[0;32m  OK  [0m] Started Snappy daemon.
[[0;32m  OK  [0m] Started LXD - container startup/shutdown.
[[0;32m  OK  [0m] Started Virtualbox guest utils.
[[0;32m  OK  [0m] Started Login Service.
         Starting Authenticate and Authorize Users to Run Privileged Tasks...
         Starting Wait until snapd is fully seeded...
[[0;32m  OK  [0m] Reached target Remote File Systems (Pre).
[[0;32m  OK  [0m] Reached target Remote File Systems.
         Starting LSB: automatic crash report generation...
         Starting LSB: Set the CPU Frequency Scaling governor to "ondemand"...
         Starting Permit User Sessions...
         Starting LSB: daemon to balance interrupts for SMP systems...
[[0;32m  OK  [0m] Started Pollinate to seed the pseudo random number generator.
[[0;32m  OK  [0m] Started Permit User Sessions.
[[0;32m  OK  [0m] Started Authenticate and Authorize Users to Run Privileged Tasks.
[[0;32m  OK  [0m] Started Accounts Service.
         Starting Terminate Plymouth Boot Screen...
         Starting Hold until boot process finishes up...
         Starting OpenBSD Secure Shell server...
[[0;32m  OK  [0m] Started LSB: automatic crash report generation.
[[0;32m  OK  [0m] Started LSB: Set the CPU Frequency Scaling governor to "ondemand".
[[0;32m  OK  [0m] Started LSB: daemon to balance interrupts for SMP systems.
[[0;32m  OK  [0m] Started Terminate Plymouth Boot Screen.
[[0;32m  OK  [0m] Started Hold until boot process finishes up.
[[0;32m  OK  [0m] Started OpenBSD Secure Shell server.
         Starting Set console scheme...
[[0;32m  OK  [0m] Started Getty on tty1.
[[0;32m  OK  [0m] Started Serial Getty on ttyS0.
[[0;32m  OK  [0m] Reached target Login Prompts.
[[0;32m  OK  [0m] Started Set console scheme.
[[0;32m  OK  [0m] Started Wait until snapd is fully seeded.
         Starting Apply the settings specified in cloud-config...
[[0;32m  OK  [0m] Reached target Multi-User System.
[[0;32m  OK  [0m] Reached target Graphical Interface.
         Starting Update UTMP about System Runlevel Changes...
[[0;32m  OK  [0m] Started Update UTMP about System Runlevel Changes.
[   24.007523] cloud-init[1276]: Generating locales (this might take a while)...
[[0;32m  OK  [0m] Created slice User Slice of vagrant.
         Starting User Manager for UID 1000...
[[0;32m  OK  [0m] Started Session 1 of user vagrant.
[[0;32m  OK  [0m] Started User Manager for UID 1000.
[   25.827572] cloud-init[1276]:   en_US.UTF-8... done
[   25.897228] cloud-init[1276]: Generation complete.
[   26.704352] cloud-init[1276]: Cloud-init v. 18.5-45-g3554ffe8-0ubuntu1~16.04.1 running 'modules:config' at Mon, 03 Jun 2019 06:45:43 +0000. Up 23.78 seconds.
[[0;32m  OK  [0m] Started Apply the settings specified in cloud-config.
         Starting Execute cloud user/final scripts...
ci-info: no authorized ssh keys fingerprints found for user ubuntu.
<14>Jun  3 06:45:47 ec2: 
<14>Jun  3 06:45:47 ec2: #############################################################
<14>Jun  3 06:45:47 ec2: -----BEGIN SSH HOST KEY FINGERPRINTS-----
<14>Jun  3 06:45:47 ec2: 1024 SHA256:QYnvShidKxwwGhgo5w8IbrYsB3M4IkceTrUAoku+DWw root@ubuntu-xenial (DSA)
<14>Jun  3 06:45:47 ec2: 256 SHA256:riG8G/dLNNiJkVbcikHdSxTLao95M6pP9d5ZEdyOHxc root@ubuntu-xenial (ECDSA)
<14>Jun  3 06:45:47 ec2: 256 SHA256:efpn0SlmzNNkiyHS7V2I9+LnQwpX/TJC5HDpFKmDHmk root@ubuntu-xenial (ED25519)
<14>Jun  3 06:45:47 ec2: 2048 SHA256:aJtqty95iIXj9dmkhn2UKSJxQW9uN475DQnqtrgTuUQ root@ubuntu-xenial (RSA)
<14>Jun  3 06:45:47 ec2: -----END SSH HOST KEY FINGERPRINTS-----
<14>Jun  3 06:45:47 ec2: #############################################################
-----BEGIN SSH HOST KEY KEYS-----
ecdsa-sha2-nistp256 AAAAE2VjZHNhLXNoYTItbmlzdHAyNTYAAAAIbmlzdHAyNTYAAABBBJf3+c0JUhNQb6zpO7RIt+rscdUhUwkOwXBBbzU16727pAMnsa3ZEiQGmq5NNYX+DsySncOTJvDln2637iBreTA= root@ubuntu-xenial
ssh-ed25519 AAAAC3NzaC1lZDI1NTE5AAAAIKUZRlWHK4CTVZESt00rtvEN3NyNs5hTuMxo+Cogp5yp root@ubuntu-xenial
ssh-rsa AAAAB3NzaC1yc2EAAAADAQABAAABAQDOsX/OuN8NY+/53C4ehaqxiGclpsiA4PXvJ5BNyCd08/fRC+8/0uYh+Hol4hYjC2npd9rJxMk2K5Fk6a4CsAH+N28zJFSOdtgpy0PVGheY1Y31oBMTjLbpR7RSPCxAACL+E0B+yop4Btb8Kbw5wQUZnaMDu+MDKTO9fTpeD1Ng88bUaQoihOE6PgdKkE36fDPDKphDaczCYTugy5E5GdZIM6H0P8xiy0Y/O6CYT0yD9HC0TL1Rmv9qezmGyhIAvW+P0hoUZWHQbLuhwDLMgH6vOb/9zQwNOOlCOVPaEHLuxd82IUUy6GfpmWkTMPzNU4Y+B2SXQ3tK/fXN+/6XSYT9 root@ubuntu-xenial
-----END SSH HOST KEY KEYS-----
[   27.845548] cloud-init[1430]: Cloud-init v. 18.5-45-g3554ffe8-0ubuntu1~16.04.1 running 'modules:final' at Mon, 03 Jun 2019 06:45:47 +0000. Up 27.46 seconds.
[   27.846022] cloud-init[1430]: ci-info: no authorized ssh keys fingerprints found for user ubuntu.
[   27.846350] cloud-init[1430]: Cloud-init v. 18.5-45-g3554ffe8-0ubuntu1~16.04.1 finished at Mon, 03 Jun 2019 06:45:47 +0000. Datasource DataSourceNoCloud [seed=/dev/sdb][dsmode=net].  Up 27.82 seconds

Ubuntu 16.04.6 LTS ubuntu-xenial ttyS0

ubuntu-xenial login: 