[    0.000000] Initializing cgroup subsys cpuset
[    0.000000] Initializing cgroup subsys cpu
[    0.000000] Initializing cgroup subsys cpuacct
[    0.000000] Linux version 4.4.0-148-generic (buildd@lgw01-amd64-031) (gcc version 5.4.0 20160609 (Ubuntu 5.4.0-6ubuntu1~16.04.10) ) #174-Ubuntu SMP Tue May 7 12:20:14 UTC 2019 (Ubuntu 4.4.0-148.174-generic 4.4.177)
[    0.000000] Command line: BOOT_IMAGE=/boot/vmlinuz-4.4.0-148-generic root=LABEL=cloudimg-rootfs ro console=tty1 console=ttyS0
[    0.000000] KERNEL supported cpus:
[    0.000000]   Intel GenuineIntel
[    0.000000]   AMD AuthenticAMD
[    0.000000]   Centaur CentaurHauls
[    0.000000] x86/fpu: xstate_offset[2]:  576, xstate_sizes[2]:  256
[    0.000000] x86/fpu: Supporting XSAVE feature 0x01: 'x87 floating point registers'
[    0.000000] x86/fpu: Supporting XSAVE feature 0x02: 'SSE registers'
[    0.000000] x86/fpu: Supporting XSAVE feature 0x04: 'AVX registers'
[    0.000000] x86/fpu: Enabled xstate features 0x7, context size is 832 bytes, using 'standard' format.
[    0.000000] e820: BIOS-provided physical RAM map:
[    0.000000] BIOS-e820: [mem 0x0000000000000000-0x000000000009fbff] usable
[    0.000000] BIOS-e820: [mem 0x000000000009fc00-0x000000000009ffff] reserved
[    0.000000] BIOS-e820: [mem 0x00000000000f0000-0x00000000000fffff] reserved
[    0.000000] BIOS-e820: [mem 0x0000000000100000-0x000000003ffeffff] usable
[    0.000000] BIOS-e820: [mem 0x000000003fff0000-0x000000003fffffff] ACPI data
[    0.000000] BIOS-e820: [mem 0x00000000fec00000-0x00000000fec00fff] reserved
[    0.000000] BIOS-e820: [mem 0x00000000fee00000-0x00000000fee00fff] reserved
[    0.000000] BIOS-e820: [mem 0x00000000fffc0000-0x00000000ffffffff] reserved
[    0.000000] NX (Execute Disable) protection: active
[    0.000000] SMBIOS 2.5 present.
[    0.000000] Hypervisor detected: KVM
[    0.000000] e820: last_pfn = 0x3fff0 max_arch_pfn = 0x400000000
[    0.000000] MTRR: Disabled
[    0.000000] x86/PAT: MTRRs disabled, skipping PAT initialization too.
[    0.000000] CPU MTRRs all blank - virtualized system.
[    0.000000] x86/PAT: Configuration [0-7]: WB  WT  UC- UC  WB  WT  UC- UC  
[    0.000000] found SMP MP-table at [mem 0x0009fff0-0x0009ffff] mapped at [ffff88000009fff0]
[    0.000000] Scanning 1 areas for low memory corruption
[    0.000000] RAMDISK: [mem 0x362fa000-0x37174fff]
[    0.000000] ACPI: Early table checksum verification disabled
[    0.000000] ACPI: RSDP 0x00000000000E0000 000024 (v02 VBOX  )
[    0.000000] ACPI: XSDT 0x000000003FFF0030 00003C (v01 VBOX   VBOXXSDT 00000001 ASL  00000061)
[    0.000000] ACPI: FACP 0x000000003FFF00F0 0000F4 (v04 VBOX   VBOXFACP 00000001 ASL  00000061)
[    0.000000] ACPI: DSDT 0x000000003FFF0470 002FF (v02 VBOX   VBOXBIOS 00000002 INTL 20100528)
[    0.000000] ACPI: FACS 0x000000003FFF0200 000040
[    0.000000] ACPI: FACS 0x000000003FFF0200 000040
[    0.000000] ACPI: APIC 0x000000003FFF0240 00005C (v02 VBOX   VBOXAPIC 00000001 ASL  00000061)
[    0.000000] ACPI: SSDT 0x000000003FFF02A0 0001CC (v01 VBOX   VBOXCPUT 00000002 INTL 20100528)
[    0.000000] No NUMA configuration found
[    0.000000] Faking a node at[mem0x00000000000000-0x000000003ffeffff]
[    0.000000] NODE_DATA(0) allocated [mem 0x3ffeb000-0x3ffeffff]
[    0.000000] kvm-clock: Using msrs 4b564d01 and 4b564d00
[    0.000000] kvm-clock: cpu 0, msr 0:3ffe3001, primary cpu clock
[    0.000000] kvm-clock: using sched offset of 3490758129 cycles
[    0.000000] clocksource: kvm-clock: mask: 0xffffffffffffffff max_cycles: 0x1cd42e4dffb, max_idle_ns: 881590591483 ns
[    0.000000] Zone ranges:
[    0.000000]   DMA      [mem 0x0000000000001000-0x0000000000ffffff]
[    0.000000]   DMA32    [mem 0x0000000001000000-0x0000003ffefff]
[    0.000000]   Normal   empty
[   0.000000]   Device   empty
[    0.000000] Movable zone start for each node
[    0.000000] Early memory node ranges
[    0.000000]   node   0: [mem 0x0000000000001000-0x000000000009efff]
[    0.000000]   node   0: [mem 0x0000000000100000-0x000000003ffeffff]
[    0.000000] Initmem setup node 0 [mem 0x0000000000001000-0x000000003ffeffff]
[    0.000000] ACPI: PM-Timer IO Port: 0x4008
[    0.000000] IOAPIC[0]: apic_id 2, version 32, address 0xfec00000, GSI 0-23
[    0.000000] ACPI: INT_SRC_OVR (bus 0 bus_irq 0 global_irq 2 dfl dfl)
[    0.000000] ACPI: INT_SRC_OVR (bus 0 bus_irq 9 global_irq 9 low level)
[    0.000000] Using ACPI (MADT) for SMP configuration information
[    0.000000] smpboot: Allowing 2 CPUs, 0 hotplug CPUs
[    0.000000] PM: Registered nosave memory: [mem 0x00000000-0x00000fff]
[    0.000000] PM: Registered nosave memory: [mem 0x0009f000-0x0009ffff]
[    0.000000] PM: Registered nosave memory: [mem 0x000a0000-0x000effff]
[    0.000000] PM: Registered nosave memory: [mem 0x000f0000-0x000fffff]
[    0.000000] e820: [mem 0x40000000-0xfebfffff] available for PCI devices
[    0.000000] Booting paravirtualized kernel on KVM
[    0.000000] clocksource: refined-jiffies: mask: 0xffffffff max_cycles: 0xffffffff, max_idle_ns: 7645519600211568 ns
[    0.000000] setup_percpu: NR_CPUS:512 nr_cpumask_bits:512 nr_cpu_ids:2 nr_node_ids:1
[    0.000000] PERCPU: Embedded 34 pages/cpu @ffff88003fc00000 s99480 r8192 d31592 u1048576
[    0.000000] Built 1 zonelists in Node order, mobility grouping on.  Total pages: 257912
[    0.000000] Policy zone: DMA32
[    0.000000] Kernel command line: BOOT_IMAGE=/boot/vmlinuz-4.4.0-148-generic root=LABEL=cloudimg-rootfs ro console=tty1 console=ttyS0
[    0.000000] PID hash table entries: 4096 (order: 3, 32768 bytes)
[    0.000000] Memory: 997732K/1048120K available (8609K kernel code, 1334K rwdata, 4028K rodata, 1484K init, 1284K bss, 50388K reserved, 0K cma-reserved)
[    0.000000] SLUB: HWalign=64, Order=0-3,MiObjets=0, CPUs=2, odes=1
[   0.000000] Kernel/User page tables isolation: enabled
[    0.000000] Hierarchical RCU implementation.
[    0.000000] 	Buid-timeadustment of leaf fanou to 4.
[   0.000000] 	RCU restricting CPUs from NR_CPUS=512 to nr_cpu_ids=2.
[    0.000000] RCU: Adjstin geoetry for rcu_fanout_leaf=64, nr_cpu_ids=2
[    0.000000] NR_IRQS:33024 nr_irqs:440 16
[    0.000000] Console: colour VG+ 8025
    0.000000] conole [ty1] enabed
[    0.000000] console [ttyS0] enabled
[    0.000000] tsc: Detected 2394.564 MHz processor
[    0.719940] Calibrating delay loop(skipped preet value.. 4789.12 BogoMIPS (lpj=9578256)
[    0.774159] pid_max: default: 32768 minimum: 301
[    0.775326] ACPI: Core revision 20150930
[    0.777364] ACPI: 2 ACPI AML tables successfully acquired and loaded
[    0.778974] Security Framework initialized
[    0.786063] Yama: becoming mindful.
[    0.787021] AppArmor: AppArmor initialized
[    0.788140] Dentry cache hash table entries: 131072 (order: 8, 1048576 bytes)
[    0.792039] Inode-cache hash table entries: 65536 (order: 7, 524288 bytes)
[    0.793722] Mount-cache hash table entries: 2048 (order: 2, 16384 bytes)
[    0.799746] Mountpoint-cache hash table entries: 2048 (order: 2, 16384 bytes)
[    0.807467] Initializing cgroup subsys io
[    0.808495] Initializing cgroup subsys memory
[    0.809581] Initializing cgroup subsys devices
[    0.812149] Initializing cgroup subsys freezer
[    0.824084] Initializing cgroup subsys net_cls
[    0.825206] Initializing cgroup subsys perf_event
[    0.826345] Initializing cgroup subsys net_prio
[    0.827479] Initializing cgroup subsys hugetlb
[    0.828698] Initializing cgroup subsys pids
[    0.830189] mce: CPU supports 0 MCE banks
[    0.831265] Last level iTLB entries: 4KB 512, 2MB 8, 4MB 8
[    0.832536] Last level dTLB entries: 4KB 512, 2MB 32, 4MB 32, 1GB 0
[    0.835469] Spectre V2 : Mitigation: Full generic retpoline
[    0.836763] Spectre V2 : Spectre v2 / SpectreRSB mitigation: Filling RSB on context switch
[    0.838785] Speculative Store Bypass: Vulnerable
[    0.839996] MDS: Vulnerable: Clear CPU buffers attempted, no microcode
[    0.844606] Freeing SMP alternatives memory: 36K
[    0.853237] ftrace: allocating 32293 entries in 127 pages
[    0.918712] smpboot: APIC(0) Converting physical 0 to logical package 0
[    0.920664] smpboot: Max logical packages: 1
[    0.922502] x2apic enabled
[    0.923801] Switched APIC routing to physical x2apic.
[    0.926705] ..TIMER: vector=0x30 apic1=0 pin1=2 apic2=-1 pin2=-1
[    1.034750] smpboot: CPU0: Intel(R) Core(TM) i5-3437U CPU @ 1.90GHz (family: 0x6, model: 0x3a, stepping: 0x9)
[    1.037329] Performance Events: unsupported p6 CPU model 58 no PMU driver, software events only.
[    1.048970] KVM setup paravirtual spinlock
[    1.050783] x86: Booting SMP configuration:
[    1.051855] .... node  #0, CPUs:      #1
[    1.052947] kvm-clock: cpu 1, msr 0:3ffe3041, secondary cpu clock
[    1.054539] mce: CPU supports 0 MCE banks
[    1.057360] x86: Booted up 1 node, 2 CPUs
[    1.058697] smpboot: Total of 2 processors activated (9578.25 BogoMIPS)
[    1.060583] devtmpfs: initialized
[    1.063344] evm: security.selinux
[    1.064238] evm: security.SMACK64
[    1.065134] evm: security.SMACK64EXEC
[    1.066106] evm: security.SMACK64TRANSMUTE
[    1.067193] evm: security.SMACK64MMAP
[    1.068155] evm: security.ima
[    1.068997] evm: security.capability
[    1.070221] clocksource: jiffies: mask: 0xffffffff max_cycles: 0xffffffff, max_idle_ns: 7645041785100000 ns
[    1.072605] futex hash table entries: 512 (order: 3, 32768 bytes)
[    1.074131] pinctrl core: initialized pinctrl subsystem
[    1.075562] RTC time:  7:27:32, date: 06/03/19
[    1.076842] NET: Registered protocol family 16
[    1.087314] cpuidle: using governor ladder
[    1.115277] cpuidle: using governor menu
[    1.123996] PCCT header not found.
[    1.124990] ACPI: bus type PCI registered
[    1.126029] acpiphp: ACPI Hot Plug PCI Controller Driver version: 0.5
[    1.127615] PCI: Using configuration type 1 for base access
[    1.139961] ACPI: Added _OSI(Module Device)
[    1.141067] ACPI: Added _OSI(Processor Device)
[    1.142186] ACPI: Added _OSI(3.0 _SCP Extensions)
[    1.143349] ACPI: Added _OSI(Processor Aggregator Device)
[    1.145591] ACPI: Executed 1 blocks of module-level executable AML code
[    1.150936] ACPI: Interpreter enabled
[    1.151939] ACPI: (supports S0 S5)
[    1.152860] ACPI: Using IOAPIC for interrupt routing
[    1.155750] PCI: Using host bridge windows from ACPI; if necessary, use "pci=nocrs" and report a bug
[    1.161992] ACPI: PCI Root Bridge [PCI0] (domain 0000 [bus 00-ff])
[    1.164593] acpi PNP0A03:00: _OSC: OS supports [ASPM ClockPM Segments MSI]
[    1.166160] acpi PNP0A03:00: _OSC: not requesting OS control; OS requires [ExtendedConfig ASPM ClockPM MSI]
[    1.168485] acpi PNP0A03:00: fail to add MMCONFIG information, can't access extended PCI configuration space under this bridge.
[    1.177207] PCI host bridge to bus 0000:00
[    1.179700] pci_bus 0000:00: root bus resource [io  0x0000-0x0cf7 window]
[    1.191929] pci_bus 0000:00: root bus resource [io  0x0d00-0xffff window]
[    1.193446] pci_bus 0000:00: root bus resource [mem 0x000a0000-0x000bffff window]
[    1.195372] pci_bus 0000:00: root bus resource [mem 0x40000000-0xfdffffff window]
[    1.197384] pci_bus 0000:00: root bus resource [bus 00-ff]
[    1.200978] pci 0000:00:01.1: legacy IDE quirk: reg 0x10: [io  0x01f0-0x01f7]
[    1.202552] pci 0000:00:01.1: legacy IDE quirk: reg 0x14: [io  0x03f6]
[    1.204021] pci 0000:00:01.1: legacy IDE quirk: reg 0x18: [io  0x0170-0x0177]
[    1.205573] pci 0000:00:01.1: legacy IDE quirk: reg 0x1c: [io  0x0376]
[    1.224361] pci 0000:00:07.0: quirk: [io  0x4000-0x403f] claimed by PIIX4 ACPI
[    1.237789] pci 0000:00:07.0: quirk: [io  0x4100-0x410f] claimed by PIIX4 SMB
[    1.245433] ACPI: PCI Interrupt Link [LNKA] (IRQs 5 9 10 *11)
[    1.247711] ACPI: PCI Interrupt Link [LNKB] (IRQs 5 9 *10 11)
[    1.249639] ACPI: PCI Interrupt Link [LNKC] (IRQs 5 *9 10 11)
[    1.251540] ACPI: PCI Interrupt Link [LNKD] (IRQs 5 9 10 *11)
[    1.268223] ACPI: Enabled 2 GPEs in block 00 to 07
[    1.271668] vgaarb: setting as boot device: PCI:0000:00:02.0
[    1.272985] vgaarb: device added: PCI:0000:00:02.0,decodes=io+mem,owns=io+mem,locks=none
[    1.276368] vgaarb: loaded
[    1.277158] vgaarb: bridge control possible 0000:00:02.0
[    1.278674] SCSI subsystem initialized
[    1.285737] ACPI: bus type USB registered
[    1.286807] usbcore: registered new interface driver usbfs
[    1.288089] usbcore: registered new interface driver hub
[    1.289359] usbcore: registered new device driver usb
[    1.290832] PCI: Using ACPI for IRQ routing
[    1.298945] NetLabel: Initializing
[    1.299858] NetLabel:  domain hash size = 128
[    1.300945] NetLabel:  protocols = UNLABELED CIPSOv4
[    1.304755] NetLabel:  unlabeled traffic allowed by default
[    1.307653] amd_nb: Cannot enumerate AMD northbridges
[    1.312882] clocksource: Switched to clocksource kvm-clock
[    1.497671] AppArmor: AppArmor Filesystem Enabled
[    1.498981] pnp: PnP ACPI init
[    1.506713] pnp: PnP ACPI: found 3 devices
[    1.516965] clocksource: acpi_pm: mask: 0xffffff max_cycles:0xfffff, max_idle_ns: 2085701024 ns
[    1.571314] NET: Registered protocol family 2

[    1.57243 TCPestalishd hah tale etrie: 812 (ode 4, 65536 bytes)

[    1.911080] TCP bind hash table entries: 8192(order: 5, 131072 bytes)
[    1.940887] TCP: Hash tables onfigure (established 8192 bind 8192)
[    1.994130] UDP hash table entries: 512 (order: 2, 16384 bytes)
[    1.995985] UDP-Lite hash table entries: 512 (order: 2, 16384 bytes)
[    1.997964] NET: Registered protocol family 1
[    1.999385] pci 0000:00:00.0: Limiting direct PCI/PCI transfers
[    2.001265] pci 0000:00:01.0: Activating ISA DMA hang workarounds
[    2.003373] Unpacking initramfs...

[  2.375222] Freeing initrd memory: 14828K

[    2.427474] RAPL PMU detected, API unit is 2^-32 Joules, 3 fixed counters 10737418240 ms ovfl timer
[    2.429641] hw unit of domain pp0-core 2^-0 Joules
[    2.430793] hw unit of domain package 2^-0 Joules
[    2.431955] hw unit of domain pp1-gpu 2^-0 Joules
[    2.433108] clocksource: tsc: mask: 0xffffffffffffffff max_cycles: 0x2284284d7d9, max_idle_ns: 440795247978 ns
[    2.435508] platform rtc_cmos: registered platform RTC device (no PNP device found)
[    2.437482] Scanning for low memory corruption every 60 seconds
[    2.439315] audit: initializing netlink subsys (disabled)
[    2.440614] audit: type=2000 audit(1559546858.338:1): initialized
[    2.442365] Initialise system trusted keyring
[    2.443615] HugeTLB registered 2 MB page size, pre-allocated 0 pages
[    2.452579] zbud: loaded
[    2.458203] VFS: Disk quotas dquot_6.6.0
[    2.459242] VFS: Dquot-cache hash table entries: 512 (order 0, 4096 bytes)
[    2.461029] squashfs: version 4.0 (2009/01/31) Phillip Lougher
[    2.468458] fuse init (API version 7.23)
[    2.469716] Key type big_key registered
[    2.470905] Allocating IMA MOK and blacklist keyrings.
[    2.473450] Key type asymmetric registered
[    2.474487] Asymmetric key parser 'x509' registered
[    2.475699] Block layer SCSI generic (bsg) driver version 0.4 loaded (major 249)
[    2.477633] io scheduler noop registered
[    2.478640] io scheduler deadline registered (default)
[    2.479892] io scheduler cfq registered
[    2.480987] pci_hotplug: PCI Hot Plug PCI Core version: 0.5
[    2.486633] pciehp: PCI Express Hot Plug Controller Driver version: 0.4
[    2.488328] ACPI: AC Adapter [AC] (on-line)
[    2.489500] input: Power Button as /devices/LNXSYSTM:00/LNXPWRBN:00/input/input0
[    2.491388] ACPI: Power Button [PWRF]
[    2.494002] input: Sleep Button as /devices/LNXSYSTM:00/LNXSLPBN:00/input/input1
[    2.503078] ACPI: Sleep Button [SLPF]
[    2.504303] GHES: HEST is not enabled!
[    2.505101] ACPI: Battery Slot [BAT0] (battery present)
[    2.507086] Serial: 8250/16550 driver, 32 ports, IRQ sharing enabled
[    2.565140] 00:02: ttyS0 at I/O 0x3f8 (irq = 4, base_baud = 115200) is a 16550A
[    2.571466] Linux agpgart interface v0.103
[    2.584083] loop: module loaded
[    2.585700] scsi host0: ata_piix
[    2.586739] scsi host1: ata_piix
[    2.587663] ata1: PATA max UDMA/33 cmd 0x1f0 ctl 0x3f6 bmdma 0xd000 irq 14
[    2.590747] ata2: PATA max UDMA/33 cmd 0x170 ctl 0x376 bmdma 0xd008 irq 15
[    2.592430] libphy: Fixed MDIO Bus: probed
[    2.593552] tun: Universal TUN/TAP device driver, 1.6
[    2.600889] tun: (C) 1999-2004 Max Krasnyansky <maxk@qualcomm.com>
[    2.602459] PPP generic driver version 2.4.2
[    2.603640] ehci_hcd: USB 2.0 'Enhanced' Host Controller (EHCI) Driver
[    2.605129] ehci-pci: EHCI PCI platform driver
[    2.606302] ehci-platform: EHCI generic platform driver
[    2.607548] ohci_hcd: USB 1.1 'Open' Host Controller (OHCI) Driver
[    2.608955] ohci-pci: OHCI PCI platform driver
[    2.610099] ohci-platform: OHCI generic platform driver
[    2.611330] uhci_hcd: USB Universal Host Controller Interface driver
[    2.612830] i8042: PNP: PS/2 Controller [PNP0303:PS2K,PNP0f03:PS2M] at 0x60,0x64 irq 1,12
[    2.615374] serio: i8042 KBD port at 0x60,0x64 irq 1
[    2.616658] serio: i8042 AUX port at 0x60,0x64 irq 12
[    2.618131] mousedev: PS/2 mouse device common for all mice
[    2.620014] input: AT Translated Set 2 keyboard as /devices/platform/i8042/serio0/input/input2
[    2.622680] rtc_cmos rtc_cmos: rtc core: registered rtc_cmos as rtc0
[    2.624180] rtc_cmos rtc_cmos: alarms up to one day, 114 bytes nvram
[    2.625662] i2c /dev entries driver
[    2.626649] device-mapper: uevent: version 1.0.3
[    2.628181] device-mapper: ioctl: 4.34.0-ioctl (2015-10-28) initialised: dm-devel@redhat.com
[    2.630294] ledtrig-cpu: registered to indicate activity on CPUs
[    2.632079] NET: Registered protocol family 10
[    2.633425] NET: Registered protocol family 17
[    2.634549] Key type dns_resolver registered
[    2.636049] registered taskstats version 1
[    2.637118] Loading compiled-in X.509 certificates
[    2.639112] Loaded X.509 cert 'Build time autogenerated kernel key: 5103689f9da3e841c6100f8bb032b132cf76e38d'
[    2.641445] zswap: loaded using pool lzo/zbud
[    2.644658] Key type trusted registered
[    2.649167] Key type encrypted registered
[    2.650196] AppArmor: AppArmor sha1 policy hashing enabled
[    2.657327] ima: No TPM chip found, activating TPM-bypass!
[    2.658619] ima: Allocated hash algorithm: sha1
[    2.659735] evm: HMAC attrs: 0x1
[    2.661019]   Magic number: 7:889:469
[    2.662121] rtc_cmos rtc_cmos: setting system clock to 2019-06-03 07:27:34 UTC (1559546854)
[    2.664263] BIOS EDD facility v0.16 2004-Jun-25, 0 devices found
[    2.665671] EDD information not available.
[    2.753107] Freeing unused kernel memory: 1484K
[    2.757311] Write protecting the kernel read-only data: 14336k
[    2.763300] Freeing unused kernel memory: 1620K
[    2.768154] Freeing unused kernel memory: 68K
Loading, please wait...
starting version 229
[    2.922580] random: systemd-udevd: uninitialized urandom read (16 bytes read, 2 bits of entropy available)
[    2.922876] random: udevadm: uninitialized urandom read (16 bytes read, 2 bits of entropy available)
[    2.922918] random: udevadm: uninitialized urandom read (16 bytes read, 2 bits of entropy available)
[    2.931502] random: systemd-udevd: uninitialized urandom read (16 bytes read, 2 bits of entropy available)
[    2.933181] random: udevadm: uninitialized urandom read (16 bytes read, 2 bits of entropy available)
[    2.933227] random: udevadm: uninitialized urandom read (16 bytes read, 2 bits of entropy available)
[    2.933379] random: udevadm: uninitialized urandom read (16 bytes read, 2 bits of entropy available)
[    2.933464] random: udevadm: uninitialized urandom read (16 bytes read, 2 bits of entropy available)
[    2.933522] random: udevadm: uninitialized urandom read (16 bytes read, 2 bits of entropy available)
[    2.933582] random: udevadm: uninitialized urandom read (16 bytes read, 2 bits of entropy available)
[    2.984563] e1000: Intel(R) PRO/1000 Network Driver - version 7.3.21-k8-NAPI
[    2.992505] e1000: Copyright (c) 1999-2006 Intel Corporation.
[    3.001684] Fusion MPT base driver 3.04.20
[    3.008985] Copyright (c) 1999-2008 LSI Corporation
[    3.035961] AVX version of gcm_enc/dec engaged.
[    3.037700] AES CTR mode by8 optimization enabled
[    3.057564] Fusion MPT SPI Host driver 3.04.20
[    3.246537] input: ImExPS/2 Generic Explorer Mouse as /devices/platform/i8042/serio1/input/input4
[    3.459135] e1000 0000:00:03.0 eth0: (PCI:33MHz:32-bit) 02:11:c2:af:aa:45
[    3.475401] e1000 0000:00:03.0 eth0: Intel(R) PRO/1000 Network Connection
[    3.493403] mptbase: ioc0: Initiating bringup
[    3.493445] e1000 0000:00:03.0 enp0s3: renamed from eth0
[    3.587891] ioc0: LSI53C1030 A0: Capabilities={Initiator}
[    4.388029] scsi host2: ioc0: LSI53C1030 A0, FwRev=00000000h, Ports=1, MaxQ=256, IRQ=20
[    4.528289] scsi 2:0:0:0: Direct-Access     VBOX     HARDDISK         1.0  PQ: 0 ANSI: 5
[    4.541518] scsi target2:0:0: Beginning Domain Validation
[    4.563075] scsi target2:0:0: Domain Validation skipping write tests
[    4.568339] scsi target2:0:0: Ending Domain Validation
[    4.571795] scsi target2:0:0: asynchronous
[    4.573867] scsi 2:0:1:0: Direct-Access     VBOX     HARDDISK         1.0  PQ: 0 ANSI: 5
[    4.576707] scsi target2:0:1: Beginning Domain Validation
[    4.601478] scsi target2:0:1: Domain Validation skipping write tests
[    4.602943] scsi target2:0:1: Ending Domain Validation
[    4.604202] scsi target2:0:1: asynchronous
[    4.611266] sd 2:0:0:0: Attached scsi generic sg0 type 0
[    4.618602] sd 2:0:1:0: Attached scsi generic sg1 type 0
[    4.620094] sd 2:0:0:0: [sda] 20971520 512-byte logical blocks: (10.7 GB/10.0 GiB)
[    4.622251] sd 2:0:1:0: [sdb] 20480 512-byte logical blocks: (10.5 MB/10.0 MiB)
[    4.624201] sd 2:0:1:0: [sdb] Write Protect is off
[    4.625660] sd 2:0:1:0: [sdb] Incomplete mode parameter data
[    4.625662] sd 2:0:1:0: [sdb] Assuming drive cache: write through
[    4.641902] sd 2:0:1:0: [sdb] Attached SCSI disk
[    4.688070] sd 2:0:0:0: [sda] Write Protect is off
[    4.689435] sd 2:0:0:0: [sda] Incomplete mode parameter data
[    4.690771] sd 2:0:0:0: [sda] Assuming drive cache: write through
[    4.693937]  sda: sda1
[    4.695756] sd 2:0:0:0: [sda] Attached SCSI disk
Begin: Loading essential drivers ... [    6.129605] md: linear personality registered for level -1
[    6.134013] md: multipath personality registered for level -4
[    6.138283] md: raid0 personality registered for level 0
[    6.143958] md: raid1 personality registered for level 1
[    6.217391] raid6: sse2x1   gen()  7197 MB/s
[    6.288905] raid6: sse2x1   xor()  5635 MB/s
[    6.361385] raid6: sse2x2   gen()  8299 MB/s
[    6.429365] raid6: sse2x2   xor()  5929 MB/s
[    6.496892] raid6: sse2x4   gen() 10533 MB/s
[    6.584895] raid6: sse2x4   xor()  7845 MB/s
[    6.586092] raid6: using algorithm sse2x4 gen() 10533 MB/s
[    6.587357] raid6: .... xor() 7845 MB/s, rmw enabled
[    6.588547] raid6: using ssse3x2 recovery algorithm
[    6.591419] xor: automatically using best checksumming function:
[    6.637391]    avx       : 19080.000 MB/sec
[    6.640098] async_tx: api initialized (async)
[    6.661953] md: raid6 personality registered for level 6
[    6.673487] md: raid5 personality registered for level 5
[    6.685756] md: raid4 personality registered for level 4
[    6.694231] md: raid10 personality registered for level 10
done.
Begin: Running /scripts/init-premount ... done.
Begin: Mounting root file system ... Begin: Running /scripts/local-top ... done.
Begin: Running /scripts/local-premount ... [    6.739786] Btrfs loaded
Scanning for Btrfs filesystems
done.
Warning: fsck not present, so skipping root file system
[    6.781944] EXT4-fs (sda1): mounted filesystem with ordered data mode. Opts: (null)
done.
Begin: Running /scripts/local-bottom ... done.
Begin: Running /scripts/init-bottom ... done.
[    6.902006] systemd[1]: systemd 229 running in system mode. (+PAM +AUDIT +SELINUX +IMA +APPARMOR +SMACK +SYSVINIT +UTMP +LIBCRYPTSETUP +GCRYPT +GNUTLS +ACL +XZ -LZ4 +SECCOMP +BLKID +ELFUTILS +KMOD -IDN)
[    6.922293] systemd[1]: Detected virtualization oracle.
[    6.923563] systemd[1]: Detected architecture x86-64.

Welcome to [1mUbuntu 16.04.6 LTS[0m!

[    6.969607] systemd[1]: Set hostname to <ubuntu>.
[    6.984270] systemd[1]: Initializing machine ID from random generator.
[    6.989075] systemd[1]: Installed transient /etc/machine-id file.
[    7.157462] systemd[1]: Created slice System Slice.
[[0;32m  OK  [0m] Created slice System Slice.
[    7.195315] systemd[1]: Reached target User and Group Name Lookups.
[[0;32m  OK  [0m] Reached target User and Group Name Lookups.
[    7.224589] systemd[1]: Created slice User and Session Slice.
[[0;32m  OK  [0m] Created slice User and Session Slice.
[    7.273857] systemd[1]: Listening on LVM2 metadata daemon socket.
[[0;32m  OK  [0m] Listening on LVM2 metadata daemon socket.
[    7.295011] systemd[1]: Reached target Encrypted Volumes.
[[0;32m  OK  [0m] Reached target Encrypted Volumes.
[    7.326774] systemd[1]: Reached target System Time Synchronized.
[[0;32m  OK  [0m] Reached target System Time Synchronized.
[    7.377683] systemd[1]: Started Forward Password Requests to Wall Directory Watch.
[[0;32m  OK  [0m] Started Forward Password Requests to Wall Directory Watch.
[    7.392230] systemd[1]: Listening on udev Kernel Socket.
[[0;32m  OK  [0m] Listening on udev Kernel Socket.
[    7.400702] systemd[1]: Listening on /dev/initctl Compatibility Named Pipe.
[[0;32m  OK  [0m] Listening on /dev/initctl Compatibility Named Pipe.
[    7.411305] systemd[1]: Listening on Syslog Socket.
[[0;32m  OK  [0m] Listening on Syslog Socket.
[    7.420424] systemd[1]: Created slice system-serial\x2dgetty.slice.
[[0;32m  OK  [0m] Created slice system-serial\x2dgetty.slice.
[    7.425364] systemd[1]: Set up automount Arbitrary Executable File Formats File System Automount Point.
[[0;32m  OK  [0m] Set up automount Arbitrary Executab...ats File System Automount Point.
[    7.431744] systemd[1]: Reached target Slices.
[[0;32m  OK  [0m] Reached target Slices.
[    7.435097] systemd[1]: Listening on Device-mapper event daemon FIFOs.
[[0;32m  OK  [0m] Listening on Device-mapper event daemon FIFOs.
[    7.459953] systemd[1]: Started Trigger resolvconf update for networkd DNS.
[[0;32m  OK  [0m] Started Trigger resolvconf update for networkd DNS.
[    7.463105] systemd[1]: Reached target Swap.
[[0;32m  OK  [0m] Reached target Swap.
[    7.465276] systemd[1]: Listening on Journal Socket.
[[0;32m  OK  [0m] Listening on Journal Socket.
[    7.489213] systemd[1]: Starting Load Kernel Modules...
         Starting Load Kernel Modules...
[    7.494556] systemd[1]: Starting Remount Root and Kernel File Systems...
         Starting Remount Root and Kernel File Systems...
[    7.502745] Loading iSCSI transport class v2.0-870.
[    7.504268] EXT4-fs (sda1): re-mounted. Opts: (null)
[    7.506481] systemd[1]: Starting Create list of required static device nodes for the current kernel...
         Startin[    7.520002] iscsi: registered transport (tcp)
g Create list of required st... nodes for the current kernel...
[    7.549135] systemd[1]: Mounting POSIX Message Queue File System...
         Mounting POSIX Message Queue File System...
[    7.556837] iscsi: registered transport (iser)
[    7.564630] systemd[1]: Starting Set console keymap...
         Starting Set console keymap...
[    7.582298] systemd[1]: Mounting Debug File System...
         Mounting Debug File System...
[    7.601633] systemd[1]: Mounting Huge Pages File System...
         Mounting Huge Pages File System...
[    7.606141] systemd[1]: Starting Uncomplicated firewall...
         Starting Uncomplicated firewall...
[    7.611724] systemd[1]: Starting Nameserver information manager...
         Starting Nameserver information manager...
[    7.620210] systemd[1]: Starting Monitoring of LVM2 mirrors, snapshots etc. using dmeventd or progress polling...
         Starting Monitoring of LVM2 mirrors... dmeventd or progress polling...
[    7.626781] systemd[1]: Listening on udev Control Socket.
[[0;32m  OK  [0m] Listening on udev Control Socket.
[    7.631286] systemd[1]: Listening on LVM2 poll daemon socket.
[[0;32m  OK  [0m] Listening on LVM2 poll daemon socket.
[    7.650294] systemd[1]: Listening on Journal Socket (/dev/log).
[[0;32m  OK  [0m] Listening on Journal Socket (/dev/log).
[    7.653592] systemd[1]: Listening on Journal Audit Socket.
[[0;32m  OK  [0m] Listening on Journal Audit Socket.
[    7.669220] systemd[1]: Starting Journal Service...
         Starting Journal Service...
[    7.679279] systemd[1]: Mounted Debug File System.
[[0;32m  OK  [0m] Mounted Debug File System.
[    7.682223] systemd[1]: Mounted POSIX Message Queue File System.
[[0;32m  OK  [0m] Mounted POSIX Message Queue File System.
[    7.685513] systemd[1]: Mounted Huge Pages File System.
[[0;32m  OK  [0m] Mounted Huge Pages File System.
[    7.696764] systemd[1]: Started Load Kernel Modules.
[[0;32m  OK  [0m] Started Load Kernel Modules.
[    7.700553] systemd[1]: Started Remount Root and Kernel File Systems.
[[0;32m  OK  [0m] Started Remount Root and Kernel File Systems.
[    7.710917] systemd[1]: Started Create list of required static device nodes for the current kernel.
[[0;32m  OK  [0m] Started Create list of required sta...ce nodes for the current kernel.
[    7.715869] systemd[1]: Started Set console keymap.
[[0;32m  OK  [0m] Started Set console keymap.
[    7.720620] systemd[1]: Started Uncomplicated firewall.
[[0;32m  OK  [0m] Started Uncomplicated firewall.
[    7.739215] systemd[1]: Started Journal Service.
[[0;32m  OK  [0m] Started Journal Service.
[[0;32m  OK  [0m] Started Nameserver information manager.
[[0;32m  OK  [0m] Started LVM2 metadata daemon.
         Starting Create Static Device Nodes in /dev...
         Starting udev Coldplug all Devices...
         Starting Load/Save Random Seed...
         Starting Flush Journal to Persistent Storage...
         Mounting FUSE Control File System...
         Starting Apply Kernel Variables...
[[0;32m  OK  [0m] Mounted FUSE Control File System.
[[0;32m  OK  [0m] Started Monitoring of LVM2 mirrors,...ng dmeventd or progress polling.
[[0;32m  OK  [0m] Started Create Static Device Nodes in /dev.
[[0;32m  OK  [0m] Started Load/Save Random Seed.
[[0;32m  OK  [0m] Started Apply Kernel Variables.
[[0;32m  OK  [0m] Started Flush Journal to Persistent Storage.
[[0;32m  OK  [0m] Started udev Coldplug all Devices.
         Starting udev Kernel Device Manager...
[[0;32m  OK  [0m] Reached target Local File Systems (Pre).
[[0;32m  OK  [0m] Reached target Local File Systems.
         Starting Initial cloud-init job (pre-networking)...
         Starting Set console font and keymap...
         Starting Tell Plymouth To Write Out Runtime Data...
         Starting LSB: AppArmor initialization...
         Starting Create Volatile Files and Directories...
         Starting Commit a transient machine-id on disk...
[[0;32m  OK  [0m] Started udev Kernel Device Manager.
[[0;32m  OK  [0m] Started Tell Plymouth To Write Out Runtime Data.
[[0;32m  OK  [0m] Started Create Volatile Files and Directories.
[[0;32m  OK  [0m] Started Commit a transient machine-id on disk.
         Starting Update UTMP about System Boot/Shutdown...
[[0;32m  OK  [0m] Started Dispatch Password Requests to Console Directory Watch.
[[0;32m  OK  [0m] Started Update UTMP about System Boot/Shutdown.
[[0;32m  OK  [0m] Found device /dev/ttyS0.
[[0;32m  OK  [0m] Listening on Load/Save RF Kill Switch Status /dev/rfkill Watch.
[    9.128572] cloud-init[471]: Cloud-init v. 18.5-45-g3554ffe8-0ubuntu1~16.04.1 running 'init-local' at Mon, 03 Jun 2019 07:27:41 +0000. Up 8.45 seconds.
[[0;32m  OK  [0m] Started Initial cloud-init job (pre-networking).
[[0;32m  OK  [0m] Started LSB: AppArmor initialization.
[[0;32m  OK  [0m] Reached target Network (Pre).
         Starting Raise network interfaces...
[[0;32m  OK  [0m] Started Set console font and keymap.
[[0;32m  OK  [0m] Created slice system-getty.slice.
[[0;32m  OK  [0m] Started Raise network interfaces.
[[0;32m  OK  [0m] Reached target Network.
         Starting Initial cloud-init job (metadata service crawler)...
[   10.825279] cloud-init[934]: Cloud-init v. 18.5-45-g3554ffe8-0ubuntu1~16.04.1 running 'init' at Mon, 03 Jun 2019 07:27:42 +0000. Up 10.01 seconds.
[   10.827889] cloud-init[934]: ci-info: ++++++++++++++++++++++++++++++++++++++Net device info++++++++++++++++++++++++++++++++++++++
[   10.858122] cloud-init[934]: ci-info: +--------+------+----------------------------+---------------+--------+-------------------+
[   10.861048] cloud-init[934]: ci-info: | Device |  Up  |          Address           |      Mask     | Scope  |     Hw-Address    |
[   10.863680] cloud-init[934]: ci-info: +--------+------+----------------------------+---------------+--------+-------------------+
[   10.873374] cloud-init[934]: ci-info: | enp0s3 | True |         10.0.2.15          | 255.255.255.0 | global | 02:11:c2:af:aa:45 |
[   10.879177] cloud-init[934]: ci-info: | enp0s3 | True | fe80::11:c2ff:feaf:aa45/64 |       .       |  link  | 02:11:c2:af:aa:45 |
[   10.928295] cloud-init[934]: ci-info: |   lo   | True |         127.0.0.1          |   255.0.0.0   |  host  |         .         |
[   10.928673] cloud-init[934]: ci-info: |   lo   | True |          ::1/128           |       .       |  host  |         .         |
[   10.928866] cloud-init[934]: ci-info: +--------+------+----------------------------+---------------+--------+-------------------+
[   10.929039] cloud-init[934]: ci-info: +++++++++++++++++++++++++++Route IPv4 info++++++++++++++++++++++++++++
[   10.929264] cloud-init[934]: ci-info: +-------+-------------+----------+---------------+-----------+-------+
[   10.929597] cloud-init[934]: ci-info: | Route | Destination | Gateway  |    Genmask    | Interface | Flags |
[   10.929991] cloud-init[934]: ci-info: +-------+-------------+----------+---------------+-----------+-------+
[   10.930186] cloud-init[934]: ci-info: |   0   |   0.0.0.0   | 10.0.2.2 |    0.0.0.0    |   enp0s3  |   UG  |
[   10.930373] cloud-init[934]: ci-info: |   1   |   10.0.2.0  | 0.0.0.0  | 255.255.255.0 |   enp0s3  |   U   |
[   10.930561] cloud-init[934]: ci-info: +-------+-------------+----------+---------------+-----------+-------+
[   10.930767] cloud-init[934]: ci-info: +++++++++++++++++++Route IPv6 info+++++++++++++++++++
[   10.930945] cloud-init[934]: ci-info: +-------+-------------+---------+-----------+-------+
[   10.931125] cloud-init[934]: ci-info: | Route | Destination | Gateway | Interface | Flags |
[   10.931499] cloud-init[934]: ci-info: +-------+-------------+---------+-----------+-------+
[   10.931713] cloud-init[934]: ci-info: |   0   |  fe80::/64  |    ::   |   enp0s3  |   U   |
[   10.931877] cloud-init[934]: ci-info: |   3   |   ff00::/8  |    ::   |   enp0s3  |   U   |
[   10.932110] cloud-init[934]: ci-info: +-------+-------------+---------+-----------+-------+
[   10.932473] cloud-init[934]: Generating public/private rsa key pair.
[   10.932816] cloud-init[934]: Your identification has been saved in /etc/ssh/ssh_host_rsa_key.
[   10.933002] cloud-init[934]: Your public key has been saved in /etc/ssh/ssh_host_rsa_key.pub.
[   10.933215] cloud-init[934]: The key fingerprint is:
[[0;32m  OK  [0m] Started Initial cloud-init job (metadata service crawler).
[   10.933506] cloud-init[934]: SHA256:P2nSCGMeVmNOxD5lYPBOlt71DItskzeNbrx1st/l/Yg root@ubuntu-xenial
[   11.065284] cloud-init[934]: The key's randomart image is:
[   11.065833] cloud-init[934]: +---[RSA 2048]----+
[[   11.069554] cloud-init[934]: |      .o+.       |
[   11.069861] cloud-init[934]: |       +..o      |
[   11.072251] cloud-init[934]: |       .Xo  o    |
[   11.072516] cloud-init[934]: |       Xo+ + B   |
[   11.072899] cloud-init[934]: |      * S.B = +  |
[   11.073304] cloud-init[934]: |     + + = * .   |
[   11.073712] cloud-init[934]: |      . o * + o o|
[   11.074070] cloud-init[934]: |         o o + *+|
[   11.074454] cloud-init[934]: |            E o.B|
[   11.074850] cloud-init[934]: +----[SHA256]-----+
[   11.075243] cloud-init[934]: Generating public/private dsa key pair.
[   11.075619] cloud-init[934]: Your identification has been saved in /etc/ssh/ssh_host_dsa_key.
[   11.076019] cloud-init[934]: Your public key has been saved in /etc/ssh/ssh_host_dsa_key.pub.
[   11.076789] cloud-init[934]: The key fingerprint is:
[   11.077140] cloud-init[934]: SHA256:EMqzOo+XrOIT2uk9+L76o2jVcllOrbkReYksniSMnZ4 root@ubuntu-xenial
[   11.077571] cloud-init[934]: The key's randomart image is:
[   11.077945] cloud-init[934]: +---[DSA 1024]----+
[   11.078330] cloud-init[934]: |      .          |
[   11.078722] cloud-init[934]: |   . . .         |
[   11.079096] cloud-init[934]: |  + = o + .      |
[   11.079508] cloud-init[934]: | . = = O +       |
[   11.079896] cloud-init[934]: |  . B B S        |
[   11.080640] cloud-init[934]: | . E * =         |
[   11.081042] cloud-init[934]: |..=+o.  o        |
[   11.081478] cloud-init[934]: |o++=*  .         |
[   11.081868] cloud-init[934]: |++BOB+           |
[   11.082262] cloud-init[934]: +----[SHA256]-----+
[   11.082609] cloud-init[934]: Generating public/private ecdsa key pair.
[   11.082998] cloud-init[934]: Your identification has been saved in /etc/ssh/ssh_host_ecdsa_key.
[   11.084186] cloud-init[934]: Your public key has been saved in /etc/ssh/ssh_host_ecdsa_key.pub.
[   11.084484] cloud-init[934]: The key fingerprint is:
[   11.084880] cloud-init[934]: SHA256:t6YK5NtZmzu/YXmf7P2KOwNvIZ7XcfFbB41TnwUur1w root@ubuntu-xenial
[   11.085275] cloud-init[934]: The key's randomart image is:
[   11.085642] cloud-init[934]: +---[ECDSA 256]---+
[   11.086041] cloud-init[934]: |              .. |
[   11.086467] cloud-init[934]: |             .  o|
[   11.086858] cloud-init[934]: |            . .++|
[   11.087297] cloud-init[934]: |             o+oo|
[   11.087612] cloud-init[934]: |    .   S .   Eoo|
[   11.087995] cloud-init[934]: |   o     .o+.o. =|
[   11.088776] cloud-init[934]: |    o   ..*=+o o+|
[   11.089126] cloud-init[934]: |     + o.*oo*+.+ |
[   11.089545] cloud-init[934]: |    . +.=+o+o=*.+|
[   11.089932] cloud-init[934]: +----[SHA256]-----+
[   11.090306] cloud-init[934]: Generating public/private ed25519 key pair.
[   11.090535] cloud-init[934]: Your identification has been saved in /etc/ssh/ssh_host_ed25519_key.
[   11.090844] cloud-init[934]: Your public key has been saved in /etc/ssh/ssh_host_ed25519_key.pub.
[   11.091763] cloud-init[934]: The key fingerprint is:
[   11.091984] cloud-init[934]: SHA256:On++U9Rtc57j+kYZD6Kk1n+toypqI55R6DPN+JaM6m0 root@ubuntu-xenial
[   11.092478] cloud-init[934]: The key's randomart image is:
[   11.092760] cloud-init[934]: +--[ED25519 256]--+
[   11.093027] cloud-init[934]: |                 |
[   11.093750] cloud-init[934]: |                 |
[   11.093968] cloud-init[934]: |             . . |
[   11.094242] cloud-init[934]: |     .    . o oo+|
[   11.094461] cloud-init[934]: |    . . S+ o . +B|
[   11.094726] cloud-init[934]: |   . = .o o .  =o|
[   11.094986] cloud-init[934]: |    *o=o   o  o..|
[   11.095267] cloud-init[934]: |   .E**o. o . oo.|
[   11.095827] cloud-init[934]: | .o+++oo.+++.+=+ |
[   11.096015] cloud-init[934]: +----[SHA256]-----+
[0;32m  OK  [0m] Reached target Cloud-config availability.
[[0;32m  OK  [0m] Reached target Network is Online.
         Starting iSCSI initiator daemon (iscsid)...
[[0;32m  OK  [0m] Reached target System Initialization.
         Starting LXD - unix socket.
         Starting Socket activation for snappy daemon.
[[0;32m  OK  [0m] Started Daily Cleanup of Temporary Directories.
[[0;32m  OK  [0m] Listening on UUID daemon activation socket.
[[0;32m  OK  [0m] Started Daily apt download activities.
[[0;32m  OK  [0m] Started Daily apt upgrade and clean activities.
[[0;32m  OK  [0m] Reached target Timers.
[[0;32m  OK  [0m] Listening on ACPID Listen Socket.
[[0;32m  OK  [0m] Listening on D-Bus System Message Bus Socket.
[[0;32m  OK  [0m] Started ACPI Events Check.
[[0;32m  OK  [0m] Reached target Paths.
[[0;32m  OK  [0m] Listening on LXD - unix socket.
[[0;32m  OK  [0m] Listening on Socket activation for snappy daemon.
[[0;32m  OK  [0m] Started iSCSI initiator daemon (iscsid).
         Starting Login to default iSCSI targets...
[[0;32m  OK  [0m] Reached target Sockets.
[[0;32m  OK  [0m] Reached target Basic System.
         Starting Virtualbox guest utils...
[[0;32m  OK  [0m] Started ACPI event daemon.
         Starting /etc/rc.local Compatibility...
         Starting LSB: Record successful boot for GRUB...
[[0;32m  OK  [0m] Started FUSE filesystem for LXC.
[[0;32m  OK  [0m] Started Deferred execution scheduler.
         Starting System Logging Service...
         Starting Pollinate to seed the pseudo random number generator...
         Starting Login Service...
[[0;32m  OK  [0m] Started Unattended Upgrades Shutdown.
         Starting LSB: MD monitoring daemon...
         Starting LXD - container startup/shutdown...
[[0;32m  OK  [0m] Started Regular background program processing daemon.
         Starting Snappy daemon...
         Starting Accounts Service...
[[0;32m  OK  [0m] Started D-Bus System Message Bus.
[[0;32m  OK  [0m] Started System Logging Service.
[[0;32m  OK  [0m] Started /etc/rc.local Compatibility.
[[0;32m  OK  [0m] Started LXD - container startup/shutdown.
[[0;32m  OK  [0m] Started Login to default iSCSI targets.
[[0;32m  OK  [0m] Started LSB: Record successful boot for GRUB.
[[0;32m  OK  [0m] Started LSB: MD monitoring daemon.
[[0;32m  OK  [0m] Started Virtualbox guest utils.
[[0;32m  OK  [0m] Started Login Service.
         Starting Authenticate and Authorize Users to Run Privileged Tasks...
[[0;32m  OK  [0m] Reached target Remote File Systems (Pre).
[[0;32m  OK  [0m] Reached target Remote File Systems.
         Starting LSB: Set the CPU Frequency Scaling governor to "ondemand"...
         Starting LSB: daemon to balance interrupts for SMP systems...
         Starting Permit User Sessions...
         Starting LSB: automatic crash report generation...
[[0;32m  OK  [0m] Started Snappy daemon.
[[0;32m  OK  [0m] Started Authenticate and Authorize Users to Run Privileged Tasks.
[[0;32m  OK  [0m] Started Permit User Sessions.
[[0;32m  OK  [0m] Started Pollinate to seed the pseudo random number generator.
[[0;32m  OK  [0m] Started Accounts Service.
         Starting OpenBSD Secure Shell server...
         Starting Terminate Plymouth Boot Screen...
         Starting Hold until boot process finishes up...
         Starting Wait until snapd is fully seeded...
[[0;32m  OK  [0m] Started LSB: Set the CPU Frequency Scaling governor to "ondemand".
[[0;32m  OK  [0m] Started LSB: daemon to balance interrupts for SMP systems.
[[0;32m  OK  [0m] Started LSB: automatic crash report generation.
[[0;32m  OK  [0m] Started Terminate Plymouth Boot Screen.
[[0;32m  OK  [0m] Started Hold until boot process finishes up.
[[0;32m  OK  [0m] Started OpenBSD Secure Shell server.
[[0;32m  OK  [0m] Started Getty on tty1.
[[0;32m  OK  [0m] Started Serial Getty on ttyS0.
[[0;32m  OK  [0m] Reached target Login Prompts.
         Starting Set console scheme...
[[0;32m  OK  [0m] Started Set console scheme.
[[0;32m  OK  [0m] Created slice User Slice of vagrant.
         Starting User Manager for UID 1000...
[[0;32m  OK  [0m] Started Session 1 of user vagrant.
[[0;32m  OK  [0m] Started User Manager for UID 1000.
[[0;32m  OK  [0m] Started Wait until snapd is fully seeded.
         Starting Apply the settings specified in cloud-config...
[[0;32m  OK  [0m] Reached target Multi-User System.
[[0;32m  OK  [0m] Reached target Graphical Interface.
         Starting Update UTMP about System Runlevel Changes...
[[0;32m  OK  [0m] Started Update UTMP about System Runlevel Changes.
[   16.206577] cloud-init[1436]: Generating locales (this might take a while)...
         Stopping User Manager for UID 1000...
[[0;32m  OK  [0m] Stopped User Manager for UID 1000.
[[0;32m  OK  [0m] Removed slice User Slice of vagrant.
[[0;32m  OK  [0m] Created slice User Slice of vagrant.
         Starting User Manager for UID 1000...
[[0;32m  OK  [0m] Started Session 2 of user vagrant.
[[0;32m  OK  [0m] Started User Manager for UID 1000.
[   17.316590] cloud-init[1436]:   en_US.UTF-8... done
[   17.318850] cloud-init[1436]: Generation complete.
[   17.766137] cloud-init[1436]: Cloud-init v. 18.5-45-g3554ffe8-0ubuntu1~16.04.1 running 'modules:config' at Mon, 03 Jun 2019 07:27:48 +0000. Up 16.06 seconds.

Ubuntu 16.04.6 LTS ubuntu-xenial ttyS0

ubuntu-xenial login: ci-info: no authorized ssh keys fingerprints found for user ubuntu.
<14>Jun  3 07:27:51 ec2: 
<14>Jun  3 07:27:51 ec2: #############################################################
<14>Jun  3 07:27:51 ec2: -----BEGIN SSH HOST KEY FINGERPRINTS-----
<14>Jun  3 07:27:51 ec2: 1024 SHA256:EMqzOo+XrOIT2uk9+L76o2jVcllOrbkReYksniSMnZ4 root@ubuntu-xenial (DSA)
<14>Jun  3 07:27:51 ec2: 256 SHA256:t6YK5NtZmzu/YXmf7P2KOwNvIZ7XcfFbB41TnwUur1w root@ubuntu-xenial (ECDSA)
<14>Jun  3 07:27:51 ec2: 256 SHA256:On++U9Rtc57j+kYZD6Kk1n+toypqI55R6DPN+JaM6m0 root@ubuntu-xenial (ED25519)
<14>Jun  3 07:27:51 ec2: 2048 SHA256:P2nSCGMeVmNOxD5lYPBOlt71DItskzeNbrx1st/l/Yg root@ubuntu-xenial (RSA)
<14>Jun  3 07:27:51 ec2: -----END SSH HOST KEY FINGERPRINTS-----
<14>Jun  3 07:27:51 ec2: #############################################################
-----BEGIN SSH HOST KEY KEYS-----
ecdsa-sha2-nistp256 AAAAE2VjZHNhLXNoYTItbmlzdHAyNTYAAAAIbmlzdHAyNTYAAABBBMJqu24+6Et3QhELt11Fl0t6JvKbUqf65zxguUhq3PumWk6w2oBLpvQMkBlFrY4JZWwYq6L+cFBmjO1h37Dx/Bo= root@ubuntu-xenial
ssh-ed25519 AAAAC3NzaC1lZDI1NTE5AAAAIKZflpXwyfn6bDBP+Zkuw8SyQEQTm6Bl9spZwrMP9i19 root@ubuntu-xenial
ssh-rsa AAAAB3NzaC1yc2EAAAADAQABAAABAQDD06ElY3rlWM1B3okOpnDBvcDTadCC+DkyFFwdGGWmxPENlhyv4/QIsOaasbLHIDRM01vkDEIqChBm836nVNIONWCVRlnvTH1XEeSwwIzQ6wZn8pYWGb7CV+HJAmfOcgKZgP8pM+mv1SjUbHsIj43qoBm71dVEsUXRgviWwxTpq+5ck7rVP2d6FRRA1LgNQhyxu4CfhToVNoNT/rcvUcacQsxFAfxrrkBw/maBjqr++q//LE5s/TTxOICVERzm9HiNViDO8uUjJzTqK94okUYefxx0gtUHc3VfV9OS/6VlvD44tD2YjqGqoOekkU4Joy8LjpvgIivXQnEUdCcqgXZ1 root@ubuntu-xenial
-----END SSH HOST KEY KEYS-----
[   18.468125] cloud-init[1597]: Cloud-init v. 18.5-45-g3554ffe8-0ubuntu1~16.04.1 running 'modules:final' at Mon, 03 Jun 2019 07:27:51 +0000. Up 18.27 seconds.
[   18.472074] cloud-init[1597]: ci-info: no authorized ssh keys fingerprints found for user ubuntu.
[   18.474886] cloud-init[1597]: Cloud-init v. 18.5-45-g3554ffe8-0ubuntu1~16.04.1 finished at Mon, 03 Jun 2019 07:27:51 +0000. Datasource DataSourceNoCloud [seed=/dev/sdb][dsmode=net].  Up 18.44 seconds
